<?xml version="1.0" encoding="UTF-8"?>
<testsuite name="com.app.server.service.organization.contactmanagement.CoreContactsTestCase" tests="8" skipped="0" failures="0" errors="0" timestamp="2016-06-22T05:12:24" hostname="2e2c6e5d822f" time="0.389">
  <properties/>
  <testcase name="test1Save" classname="com.app.server.service.organization.contactmanagement.CoreContactsTestCase" time="0.175"/>
  <testcase name="test2Update" classname="com.app.server.service.organization.contactmanagement.CoreContactsTestCase" time="0.029"/>
  <testcase name="test3FindById" classname="com.app.server.service.organization.contactmanagement.CoreContactsTestCase" time="0.009"/>
  <testcase name="test3findBygenderId" classname="com.app.server.service.organization.contactmanagement.CoreContactsTestCase" time="0.009"/>
  <testcase name="test3findBynativeLanguageCode" classname="com.app.server.service.organization.contactmanagement.CoreContactsTestCase" time="0.009"/>
  <testcase name="test3findBytitleId" classname="com.app.server.service.organization.contactmanagement.CoreContactsTestCase" time="0.009"/>
  <testcase name="test5NegativeTesting" classname="com.app.server.service.organization.contactmanagement.CoreContactsTestCase" time="0.058"/>
  <testcase name="test6Delete" classname="com.app.server.service.organization.contactmanagement.CoreContactsTestCase" time="0.089"/>
  <system-out><![CDATA[Wed Jun 22 05:12:24 UTC 2016|Log Manager Factory|Initialization Process started.....
Wed Jun 22 05:12:24 UTC 2016|Log Manager|Initialized with Path = [/home/applifire/workspace/appone/src/main/webapp/WEB-INF/conf]
Wed Jun 22 05:12:24 UTC 2016|Alarm Manager|Initialized with Path = [/home/applifire/workspace/appone/src/main/webapp/WEB-INF/conf]
Wed Jun 22 05:12:24 UTC 2016|Alarm Manager|Loading Alarms ......
Wed Jun 22 05:12:24 UTC 2016|Alarm XML Parser|FWA|XML Parsing Complete........ 
Wed Jun 22 05:12:24 UTC 2016|Alarm File Manager|FWA|Alarm File Status.. [ApplicationFrameworkAlarms.xml]|Version=15|Status=Done 
Wed Jun 22 05:12:24 UTC 2016|Alarm File Manager|FWA|Alarm Stats = ( BC/AL=4/676 SYS=4/10 [676/0]  TPL=0/0 [0/0]  APP= A.Map=[759]  E.Map EC/RC=[322/67] )
Wed Jun 22 05:12:24 UTC 2016|Alarm XML Parser|APP|XML Parsing Complete........ 
Wed Jun 22 05:12:24 UTC 2016|Alarm File Manager|APP|Alarm File Status.. [ApplicationAlarms.xml]|Version=1|Status=Done 
Wed Jun 22 05:12:24 UTC 2016|Alarm File Manager|APP|Alarm Stats = ( BC/AL=4/676 SYS=4/10 [676/0]  TPL=0/0 [0/0]  APP=0/0 [0/0]  A.Map=[759]  E.Map EC/RC=[322/67] )
Wed Jun 22 05:12:24 UTC 2016|ApplicationAlarmContext| <><><><><> Create App Alarms ....  <><><><><> 
Wed Jun 22 05:12:24 UTC 2016|ApplicationAlarmContext|Alarms are generated ONLY in Development Mode.. 
Wed Jun 22 05:12:24 UTC 2016|Alarm Manager|APP|Alarm Stats = ( BC/AL=4/676 SYS=4/10 [676/0]  TPL=0/0 [0/0]  APP=0/0 [0/0]  A.Map=[759]  E.Map EC/RC=[322/67] )
Wed Jun 22 05:12:24 UTC 2016|Alarm Manager|Initialized Exception Lookup...
Wed Jun 22 05:12:24 UTC 2016|Log Manager|Initialize Log Config File ......
Wed Jun 22 05:12:24 UTC 2016|Pluggable Connectors|Adding Connectors : StandardOutputConnector isEnabled=true isDefault=false isFallBack=true
Wed Jun 22 05:12:24 UTC 2016|Pluggable Connectors|Adding Connectors : StandardFileConnector isEnabled=true isDefault=false isFallBack=false
Wed Jun 22 05:12:24 UTC 2016|Pluggable Connectors|Adding Connectors : Sprinkler isEnabled=true isDefault=true isFallBack=false
Wed Jun 22 05:12:24 UTC 2016|Pluggable Connectors|Default Connector Name : com.spartan.logger.core.LogMessenger
Wed Jun 22 05:12:24 UTC 2016|Log Config Parser|Connector Least Log Level =[4]  FallBack Log Level =[3]
Wed Jun 22 05:12:24 UTC 2016|Log Manager|Loading Default Connector for Logging ......
Wed Jun 22 05:12:24 UTC 2016|Log Manager|Loading class .. com.spartan.logger.core.LogMessenger
Wed Jun 22 05:12:24 UTC 2016|Plugggable Connector|Connector class com.spartan.logger.core.LogMessenger Initialized... @ Log Level = 3
Wed Jun 22 05:12:24 UTC 2016|Log Manager|Starting the Default Connector [com.spartan.logger.core.LogMessenger@69be4f75] ....
Wed Jun 22 05:12:24 UTC 2016|Scheduler|Starting the Scheduler ......
Wed Jun 22 05:12:24 UTC 2016|Scheduler|Adding [LMID=[56823251-f411-4b6e-a94c-7c7f9db80ee7]] Delay=5 Time Unit=MINUTES
Wed Jun 22 05:12:24 UTC 2016|Scheduler|Adding [App Alarm Manager File=[ApplicationAlarms.xml]] Delay=30 Time Unit=MINUTES
Wed Jun 22 05:12:24 UTC 2016|Scheduler|Adding [FW Alarm Manager File=[ApplicationFrameworkAlarms.xml]] Delay=3 Time Unit=MINUTES
Wed Jun 22 05:12:24 UTC 2016|Scheduler|Startup Completed..
Wed Jun 22 05:12:24 UTC 2016|Log Manager|Initialization Process Complete ......
Wed Jun 22 05:12:24 UTC 2016|Log Manager Factory|Log Manager READY! ID = 56823251-f411-4b6e-a94c-7c7f9db80ee7
[EL Finer]: connection: 2016-06-22 05:12:24.065--ServerSession(513126071)--Thread(Thread[Test worker,5,main])--client acquired: 218380710
[EL Finer]: transaction: 2016-06-22 05:12:24.065--ClientSession(218380710)--Thread(Thread[Test worker,5,main])--acquire unit of work: 275040247
[EL Finest]: connection: 2016-06-22 05:12:24.065--ServerSession(513126071)--Connection(1216622985)--Thread(Thread[Test worker,5,main])--Connection acquired from connection pool [default].
[EL Finer]: transaction: 2016-06-22 05:12:24.065--ClientSession(218380710)--Connection(1216622985)--Thread(Thread[Test worker,5,main])--begin transaction
[EL Finest]: connection: 2016-06-22 05:12:24.065--ClientSession(218380710)--Thread(Thread[Test worker,5,main])--reconnecting to external connection pool
[EL Finest]: transaction: 2016-06-22 05:12:24.067--UnitOfWork(275040247)--Thread(Thread[Test worker,5,main])--persist() operation called on: ffwzWluiR3FplWu1d8PhMKpdxOZWRSj4DTATLd4lSnf8fYY3X8.
[EL Finest]: sequencing: 2016-06-22 05:12:24.067--UnitOfWork(275040247)--Thread(Thread[Test worker,5,main])--assign sequence to the object (1801B132-AF31-4374-8B28-76259286F0C0 -> ffwzWluiR3FplWu1d8PhMKpdxOZWRSj4DTATLd4lSnf8fYY3X8)
[EL Finer]: transaction: 2016-06-22 05:12:24.068--UnitOfWork(275040247)--Thread(Thread[Test worker,5,main])--begin unit of work commit
[EL Finest]: query: 2016-06-22 05:12:24.068--UnitOfWork(275040247)--Thread(Thread[Test worker,5,main])--Execute query InsertObjectQuery(ffwzWluiR3FplWu1d8PhMKpdxOZWRSj4DTATLd4lSnf8fYY3X8)
[EL Fine]: sql: 2016-06-22 05:12:24.068--ClientSession(218380710)--Connection(2080290015)--Thread(Thread[Test worker,5,main])--INSERT INTO ast_Title_M (titleId, titles, versionId, createdBy, createdDate, updatedBy, updatedDate, activeStatus, txnAccessCode) VALUES (?, ?, ?, ?, ?, ?, ?, ?, ?)
	bind => [1801B132-AF31-4374-8B28-76259286F0C0, ffwzWluiR3FplWu1d8PhMKpdxOZWRSj4DTATLd4lSnf8fYY3X8, 1, AAAAA, 2016-06-22 05:12:24.065, AAAAA, 2016-06-22 05:12:24.065, 1, 51000]
[EL Finer]: transaction: 2016-06-22 05:12:24.069--ClientSession(218380710)--Connection(2080290015)--Thread(Thread[Test worker,5,main])--commit transaction
[EL Finest]: connection: 2016-06-22 05:12:24.071--ServerSession(513126071)--Connection(1216622985)--Thread(Thread[Test worker,5,main])--Connection released to connection pool [default].
[EL Finer]: transaction: 2016-06-22 05:12:24.071--UnitOfWork(275040247)--Thread(Thread[Test worker,5,main])--end unit of work commit
[EL Finer]: transaction: 2016-06-22 05:12:24.071--UnitOfWork(275040247)--Thread(Thread[Test worker,5,main])--resume unit of work
[EL Finer]: transaction: 2016-06-22 05:12:24.072--UnitOfWork(275040247)--Thread(Thread[Test worker,5,main])--release unit of work
[EL Finer]: connection: 2016-06-22 05:12:24.072--ClientSession(218380710)--Thread(Thread[Test worker,5,main])--client released
[EL Finer]: connection: 2016-06-22 05:12:24.072--ServerSession(513126071)--Thread(Thread[Test worker,5,main])--client acquired: 660716442
[EL Finer]: transaction: 2016-06-22 05:12:24.072--ClientSession(660716442)--Thread(Thread[Test worker,5,main])--acquire unit of work: 23302057
[EL Finest]: connection: 2016-06-22 05:12:24.072--ServerSession(513126071)--Connection(795648245)--Thread(Thread[Test worker,5,main])--Connection acquired from connection pool [default].
[EL Finer]: transaction: 2016-06-22 05:12:24.072--ClientSession(660716442)--Connection(795648245)--Thread(Thread[Test worker,5,main])--begin transaction
[EL Finest]: connection: 2016-06-22 05:12:24.072--ClientSession(660716442)--Thread(Thread[Test worker,5,main])--reconnecting to external connection pool
[EL Finest]: transaction: 2016-06-22 05:12:24.074--UnitOfWork(23302057)--Thread(Thread[Test worker,5,main])--persist() operation called on: 9HcxpueZJovCjRnWLyp8QQU3SCOJ6hmuYImySOvi3lHucAgYCp.
[EL Finest]: sequencing: 2016-06-22 05:12:24.074--UnitOfWork(23302057)--Thread(Thread[Test worker,5,main])--assign sequence to the object (219687DA-0F3F-4B5E-B653-2D4ECEAE7692 -> 9HcxpueZJovCjRnWLyp8QQU3SCOJ6hmuYImySOvi3lHucAgYCp)
[EL Finer]: transaction: 2016-06-22 05:12:24.074--UnitOfWork(23302057)--Thread(Thread[Test worker,5,main])--begin unit of work commit
[EL Finest]: query: 2016-06-22 05:12:24.074--UnitOfWork(23302057)--Thread(Thread[Test worker,5,main])--Execute query InsertObjectQuery(9HcxpueZJovCjRnWLyp8QQU3SCOJ6hmuYImySOvi3lHucAgYCp)
[EL Fine]: sql: 2016-06-22 05:12:24.074--ClientSession(660716442)--Connection(297873664)--Thread(Thread[Test worker,5,main])--INSERT INTO ast_Gender_M (genderId, gender, versionId, createdBy, createdDate, updatedBy, updatedDate, activeStatus, txnAccessCode) VALUES (?, ?, ?, ?, ?, ?, ?, ?, ?)
	bind => [219687DA-0F3F-4B5E-B653-2D4ECEAE7692, 9HcxpueZJovCjRnWLyp8QQU3SCOJ6hmuYImySOvi3lHucAgYCp, 1, AAAAA, 2016-06-22 05:12:24.072, AAAAA, 2016-06-22 05:12:24.072, 1, 51000]
[EL Finer]: transaction: 2016-06-22 05:12:24.075--ClientSession(660716442)--Connection(297873664)--Thread(Thread[Test worker,5,main])--commit transaction
[EL Finest]: connection: 2016-06-22 05:12:24.077--ServerSession(513126071)--Connection(795648245)--Thread(Thread[Test worker,5,main])--Connection released to connection pool [default].
[EL Finer]: transaction: 2016-06-22 05:12:24.077--UnitOfWork(23302057)--Thread(Thread[Test worker,5,main])--end unit of work commit
[EL Finer]: transaction: 2016-06-22 05:12:24.078--UnitOfWork(23302057)--Thread(Thread[Test worker,5,main])--resume unit of work
[EL Finer]: transaction: 2016-06-22 05:12:24.078--UnitOfWork(23302057)--Thread(Thread[Test worker,5,main])--release unit of work
[EL Finer]: connection: 2016-06-22 05:12:24.078--ClientSession(660716442)--Thread(Thread[Test worker,5,main])--client released
[EL Finer]: connection: 2016-06-22 05:12:24.078--ServerSession(513126071)--Thread(Thread[Test worker,5,main])--client acquired: 144140657
[EL Finer]: transaction: 2016-06-22 05:12:24.078--ClientSession(144140657)--Thread(Thread[Test worker,5,main])--acquire unit of work: 210468383
[EL Finest]: connection: 2016-06-22 05:12:24.078--ServerSession(513126071)--Connection(436546472)--Thread(Thread[Test worker,5,main])--Connection acquired from connection pool [default].
[EL Finer]: transaction: 2016-06-22 05:12:24.078--ClientSession(144140657)--Connection(436546472)--Thread(Thread[Test worker,5,main])--begin transaction
[EL Finest]: connection: 2016-06-22 05:12:24.078--ClientSession(144140657)--Thread(Thread[Test worker,5,main])--reconnecting to external connection pool
Wed Jun 22 05:12:24 UTC 2016|Unknown Alarm = ORGLM312100100 Alarm Split = ORG-LM-3-1-2-100-100
[EL Finest]: transaction: 2016-06-22 05:12:24.081--UnitOfWork(210468383)--Thread(Thread[Test worker,5,main])--persist() operation called on: wA2xgRIfWiyd9uttWv1koXNiZIXr8OZrVdshRMwAiVYhiJFUDi.
[EL Finest]: sequencing: 2016-06-22 05:12:24.081--UnitOfWork(210468383)--Thread(Thread[Test worker,5,main])--assign sequence to the object (3547A6C4-10F9-46DA-B997-ED1E39D3073A -> wA2xgRIfWiyd9uttWv1koXNiZIXr8OZrVdshRMwAiVYhiJFUDi)
[EL Finer]: transaction: 2016-06-22 05:12:24.081--UnitOfWork(210468383)--Thread(Thread[Test worker,5,main])--begin unit of work commit
[EL Finest]: query: 2016-06-22 05:12:24.082--UnitOfWork(210468383)--Thread(Thread[Test worker,5,main])--Execute query InsertObjectQuery(wA2xgRIfWiyd9uttWv1koXNiZIXr8OZrVdshRMwAiVYhiJFUDi)
[EL Fine]: sql: 2016-06-22 05:12:24.082--ClientSession(144140657)--Connection(1726347279)--Thread(Thread[Test worker,5,main])--INSERT INTO ast_Language_M (languageId, alpha2, alpha3, alpha4, alpha4parentid, language, languageDescription, languageIcon, languageType, versionId, createdBy, createdDate, updatedBy, updatedDate, activeStatus, txnAccessCode) VALUES (?, ?, ?, ?, ?, ?, ?, ?, ?, ?, ?, ?, ?, ?, ?, ?)
	bind => [3547A6C4-10F9-46DA-B997-ED1E39D3073A, WP, 3YP, cRMr, 11, wA2xgRIfWiyd9uttWv1koXNiZIXr8OZrVdshRMwAiVYhiJFUDi, 3hzEwiR0m3obbTXTToRjlPCKvSR5gsnWGCNQGj1icMxDCTgl4J, 2rFM2afZfjWfnZ9ObtDdbuWh0pCHoxyb63cS0ItKrtOTe4IocJ, dasYbWYtbD0l6RpJ8jofTeH3a3UboY5z, 1, AAAAA, 2016-06-22 05:12:24.078, AAAAA, 2016-06-22 05:12:24.078, 1, 51000]
[EL Finer]: transaction: 2016-06-22 05:12:24.083--ClientSession(144140657)--Connection(1726347279)--Thread(Thread[Test worker,5,main])--commit transaction
[EL Finest]: connection: 2016-06-22 05:12:24.085--ServerSession(513126071)--Connection(436546472)--Thread(Thread[Test worker,5,main])--Connection released to connection pool [default].
[EL Finer]: transaction: 2016-06-22 05:12:24.085--UnitOfWork(210468383)--Thread(Thread[Test worker,5,main])--end unit of work commit
[EL Finer]: transaction: 2016-06-22 05:12:24.085--UnitOfWork(210468383)--Thread(Thread[Test worker,5,main])--resume unit of work
[EL Finer]: transaction: 2016-06-22 05:12:24.085--UnitOfWork(210468383)--Thread(Thread[Test worker,5,main])--release unit of work
[EL Finer]: connection: 2016-06-22 05:12:24.086--ClientSession(144140657)--Thread(Thread[Test worker,5,main])--client released
[EL Finer]: connection: 2016-06-22 05:12:24.086--ServerSession(513126071)--Thread(Thread[Test worker,5,main])--client acquired: 1389089780
[EL Finer]: transaction: 2016-06-22 05:12:24.086--ClientSession(1389089780)--Thread(Thread[Test worker,5,main])--acquire unit of work: 1137205923
[EL Finest]: connection: 2016-06-22 05:12:24.086--ServerSession(513126071)--Connection(415489561)--Thread(Thread[Test worker,5,main])--Connection acquired from connection pool [default].
[EL Finer]: transaction: 2016-06-22 05:12:24.086--ClientSession(1389089780)--Connection(415489561)--Thread(Thread[Test worker,5,main])--begin transaction
[EL Finest]: connection: 2016-06-22 05:12:24.086--ClientSession(1389089780)--Thread(Thread[Test worker,5,main])--reconnecting to external connection pool
Wed Jun 22 05:12:24 UTC 2016|Unknown Alarm = ORGLM312100100 Alarm Split = ORG-LM-3-1-2-100-100
[EL Finest]: transaction: 2016-06-22 05:12:24.088--UnitOfWork(1137205923)--Thread(Thread[Test worker,5,main])--persist() operation called on: 7,VD4hXxlyUVeqQyShF03U1HcmMDOyOmOTurD81n4JVFWQTkffuE.
[EL Finest]: sequencing: 2016-06-22 05:12:24.088--UnitOfWork(1137205923)--Thread(Thread[Test worker,5,main])--assign sequence to the object (1E2B3023-2C11-44E9-A3E5-7128D709EC23 -> 7,VD4hXxlyUVeqQyShF03U1HcmMDOyOmOTurD81n4JVFWQTkffuE)
[EL Finer]: transaction: 2016-06-22 05:12:24.089--UnitOfWork(1137205923)--Thread(Thread[Test worker,5,main])--begin unit of work commit
[EL Finest]: query: 2016-06-22 05:12:24.089--UnitOfWork(1137205923)--Thread(Thread[Test worker,5,main])--Execute query InsertObjectQuery(7,VD4hXxlyUVeqQyShF03U1HcmMDOyOmOTurD81n4JVFWQTkffuE)
[EL Fine]: sql: 2016-06-22 05:12:24.089--ClientSession(1389089780)--Connection(55616465)--Thread(Thread[Test worker,5,main])--INSERT INTO ast_Timezone_M (timeZoneId, cities, country, gmtLabel, timeZoneLabel, utcdifference, versionId, createdBy, createdDate, updatedBy, updatedDate, activeStatus, txnAccessCode) VALUES (?, ?, ?, ?, ?, ?, ?, ?, ?, ?, ?, ?, ?)
	bind => [1E2B3023-2C11-44E9-A3E5-7128D709EC23, BwQfMBuepP9zY7FFSTzp2p5P6gGa8yLSKjaSI8qvsAc3E8dSxw, WhrKLJ67EHpGlW0piQadnHVurJlaACVUhr8wGexdno7OzbRoh2, XD0DcHwVqxpPQNKCeYYCP5UQfBXlpDFmn4ZCscYjrZGWFL3JoA, VD4hXxlyUVeqQyShF03U1HcmMDOyOmOTurD81n4JVFWQTkffuE, 7, 1, AAAAA, 2016-06-22 05:12:24.072, AAAAA, 2016-06-22 05:12:24.072, 1, 51000]
[EL Finer]: transaction: 2016-06-22 05:12:24.09--ClientSession(1389089780)--Connection(55616465)--Thread(Thread[Test worker,5,main])--commit transaction
[EL Finest]: connection: 2016-06-22 05:12:24.092--ServerSession(513126071)--Connection(415489561)--Thread(Thread[Test worker,5,main])--Connection released to connection pool [default].
[EL Finer]: transaction: 2016-06-22 05:12:24.092--UnitOfWork(1137205923)--Thread(Thread[Test worker,5,main])--end unit of work commit
[EL Finer]: transaction: 2016-06-22 05:12:24.092--UnitOfWork(1137205923)--Thread(Thread[Test worker,5,main])--resume unit of work
[EL Finer]: transaction: 2016-06-22 05:12:24.092--UnitOfWork(1137205923)--Thread(Thread[Test worker,5,main])--release unit of work
[EL Finer]: connection: 2016-06-22 05:12:24.092--ClientSession(1389089780)--Thread(Thread[Test worker,5,main])--client released
[EL Finer]: connection: 2016-06-22 05:12:24.093--ServerSession(513126071)--Thread(Thread[Test worker,5,main])--client acquired: 886224840
[EL Finer]: transaction: 2016-06-22 05:12:24.093--ClientSession(886224840)--Thread(Thread[Test worker,5,main])--acquire unit of work: 1981793935
[EL Finest]: connection: 2016-06-22 05:12:24.093--ServerSession(513126071)--Connection(539300575)--Thread(Thread[Test worker,5,main])--Connection acquired from connection pool [default].
[EL Finer]: transaction: 2016-06-22 05:12:24.093--ClientSession(886224840)--Connection(539300575)--Thread(Thread[Test worker,5,main])--begin transaction
[EL Finest]: connection: 2016-06-22 05:12:24.093--ClientSession(886224840)--Thread(Thread[Test worker,5,main])--reconnecting to external connection pool
[EL Finest]: transaction: 2016-06-22 05:12:24.095--UnitOfWork(1981793935)--Thread(Thread[Test worker,5,main])--persist() operation called on: uGCzjh5DsWFj9Gm83zxwHwzZeqHvPLsiPvFZchFvu7HVX547Y1.
[EL Finest]: sequencing: 2016-06-22 05:12:24.095--UnitOfWork(1981793935)--Thread(Thread[Test worker,5,main])--assign sequence to the object (C564BFBF-A095-4CB5-8947-F14ADF3C4CFA -> uGCzjh5DsWFj9Gm83zxwHwzZeqHvPLsiPvFZchFvu7HVX547Y1)
[EL Finer]: transaction: 2016-06-22 05:12:24.095--UnitOfWork(1981793935)--Thread(Thread[Test worker,5,main])--begin unit of work commit
[EL Finest]: query: 2016-06-22 05:12:24.095--UnitOfWork(1981793935)--Thread(Thread[Test worker,5,main])--Execute query InsertObjectQuery(uGCzjh5DsWFj9Gm83zxwHwzZeqHvPLsiPvFZchFvu7HVX547Y1)
[EL Fine]: sql: 2016-06-22 05:12:24.096--ClientSession(886224840)--Connection(492425523)--Thread(Thread[Test worker,5,main])--INSERT INTO ast_CommunicationGroup_M (commGroupId, commGroupDescription, commGroupName, versionId, createdBy, createdDate, updatedBy, updatedDate, activeStatus, txnAccessCode) VALUES (?, ?, ?, ?, ?, ?, ?, ?, ?, ?)
	bind => [C564BFBF-A095-4CB5-8947-F14ADF3C4CFA, OdrKt8WP62zihZPlhAVXN2kFbDwcT7fJLhlD2CnfhMSDYDuF1R, uGCzjh5DsWFj9Gm83zxwHwzZeqHvPLsiPvFZchFvu7HVX547Y1, 1, AAAAA, 2016-06-22 05:12:24.092, AAAAA, 2016-06-22 05:12:24.092, 1, 51000]
[EL Finer]: transaction: 2016-06-22 05:12:24.097--ClientSession(886224840)--Connection(492425523)--Thread(Thread[Test worker,5,main])--commit transaction
[EL Finest]: connection: 2016-06-22 05:12:24.099--ServerSession(513126071)--Connection(539300575)--Thread(Thread[Test worker,5,main])--Connection released to connection pool [default].
[EL Finer]: transaction: 2016-06-22 05:12:24.099--UnitOfWork(1981793935)--Thread(Thread[Test worker,5,main])--end unit of work commit
[EL Finer]: transaction: 2016-06-22 05:12:24.099--UnitOfWork(1981793935)--Thread(Thread[Test worker,5,main])--resume unit of work
[EL Finer]: transaction: 2016-06-22 05:12:24.099--UnitOfWork(1981793935)--Thread(Thread[Test worker,5,main])--release unit of work
[EL Finer]: connection: 2016-06-22 05:12:24.099--ClientSession(886224840)--Thread(Thread[Test worker,5,main])--client released
[EL Finer]: connection: 2016-06-22 05:12:24.099--ServerSession(513126071)--Thread(Thread[Test worker,5,main])--client acquired: 1116589695
[EL Finer]: transaction: 2016-06-22 05:12:24.099--ClientSession(1116589695)--Thread(Thread[Test worker,5,main])--acquire unit of work: 1810896379
[EL Finest]: connection: 2016-06-22 05:12:24.099--ServerSession(513126071)--Connection(1597196569)--Thread(Thread[Test worker,5,main])--Connection acquired from connection pool [default].
[EL Finer]: transaction: 2016-06-22 05:12:24.1--ClientSession(1116589695)--Connection(1597196569)--Thread(Thread[Test worker,5,main])--begin transaction
[EL Finest]: connection: 2016-06-22 05:12:24.1--ClientSession(1116589695)--Thread(Thread[Test worker,5,main])--reconnecting to external connection pool
[EL Finest]: transaction: 2016-06-22 05:12:24.101--UnitOfWork(1810896379)--Thread(Thread[Test worker,5,main])--persist() operation called on: Z5NYmPHid4ombKjCAoMViDEpqMNqS3hQZzqZEhGpZTRZOtGmI3,C564BFBF-A095-4CB5-8947-F14ADF3C4CFA.
[EL Finest]: sequencing: 2016-06-22 05:12:24.101--UnitOfWork(1810896379)--Thread(Thread[Test worker,5,main])--assign sequence to the object (A3977CF2-7A24-4B50-91CC-91F655FE1C4C -> Z5NYmPHid4ombKjCAoMViDEpqMNqS3hQZzqZEhGpZTRZOtGmI3,C564BFBF-A095-4CB5-8947-F14ADF3C4CFA)
[EL Finer]: transaction: 2016-06-22 05:12:24.102--UnitOfWork(1810896379)--Thread(Thread[Test worker,5,main])--begin unit of work commit
[EL Finest]: query: 2016-06-22 05:12:24.102--UnitOfWork(1810896379)--Thread(Thread[Test worker,5,main])--Execute query InsertObjectQuery(Z5NYmPHid4ombKjCAoMViDEpqMNqS3hQZzqZEhGpZTRZOtGmI3,C564BFBF-A095-4CB5-8947-F14ADF3C4CFA)
[EL Fine]: sql: 2016-06-22 05:12:24.102--ClientSession(1116589695)--Connection(999361379)--Thread(Thread[Test worker,5,main])--INSERT INTO ast_CommunicationType_M (commType, commGroupId, commTypeDescription, commTypeName, versionId, createdBy, createdDate, updatedBy, updatedDate, activeStatus, txnAccessCode) VALUES (?, ?, ?, ?, ?, ?, ?, ?, ?, ?, ?)
	bind => [A3977CF2-7A24-4B50-91CC-91F655FE1C4C, C564BFBF-A095-4CB5-8947-F14ADF3C4CFA, eVgzPak3BcQueB2EtOByUEgSpQuznmsle3fb7hhX0UnVVBPgU6, Z5NYmPHid4ombKjCAoMViDEpqMNqS3hQZzqZEhGpZTRZOtGmI3, 1, AAAAA, 2016-06-22 05:12:24.092, AAAAA, 2016-06-22 05:12:24.092, 1, 51000]
[EL Finer]: transaction: 2016-06-22 05:12:24.103--ClientSession(1116589695)--Connection(999361379)--Thread(Thread[Test worker,5,main])--commit transaction
[EL Finest]: connection: 2016-06-22 05:12:24.105--ServerSession(513126071)--Connection(1597196569)--Thread(Thread[Test worker,5,main])--Connection released to connection pool [default].
[EL Finer]: transaction: 2016-06-22 05:12:24.105--UnitOfWork(1810896379)--Thread(Thread[Test worker,5,main])--end unit of work commit
[EL Finer]: transaction: 2016-06-22 05:12:24.105--UnitOfWork(1810896379)--Thread(Thread[Test worker,5,main])--resume unit of work
[EL Finer]: transaction: 2016-06-22 05:12:24.105--UnitOfWork(1810896379)--Thread(Thread[Test worker,5,main])--release unit of work
[EL Finer]: connection: 2016-06-22 05:12:24.105--ClientSession(1116589695)--Thread(Thread[Test worker,5,main])--client released
[EL Finer]: connection: 2016-06-22 05:12:24.106--ServerSession(513126071)--Thread(Thread[Test worker,5,main])--client acquired: 142261823
[EL Finer]: transaction: 2016-06-22 05:12:24.106--ClientSession(142261823)--Thread(Thread[Test worker,5,main])--acquire unit of work: 845160050
[EL Finest]: connection: 2016-06-22 05:12:24.106--ServerSession(513126071)--Connection(1148119092)--Thread(Thread[Test worker,5,main])--Connection acquired from connection pool [default].
[EL Finer]: transaction: 2016-06-22 05:12:24.106--ClientSession(142261823)--Connection(1148119092)--Thread(Thread[Test worker,5,main])--begin transaction
[EL Finest]: connection: 2016-06-22 05:12:24.106--ClientSession(142261823)--Thread(Thread[Test worker,5,main])--reconnecting to external connection pool
Wed Jun 22 05:12:24 UTC 2016|Unknown Alarm = ORGLM312100100 Alarm Split = ORG-LM-3-1-2-100-100
[EL Finest]: transaction: 2016-06-22 05:12:24.108--UnitOfWork(845160050)--Thread(Thread[Test worker,5,main])--persist() operation called on: nqIPKdlbzsJIkBM9TQbclQmLXDTExgBPgHD4QpW0xyHUPHvE0X.
[EL Finest]: sequencing: 2016-06-22 05:12:24.108--UnitOfWork(845160050)--Thread(Thread[Test worker,5,main])--assign sequence to the object (C8574E67-C878-4BB0-9A58-6CA703C636C3 -> nqIPKdlbzsJIkBM9TQbclQmLXDTExgBPgHD4QpW0xyHUPHvE0X)
[EL Finer]: transaction: 2016-06-22 05:12:24.108--UnitOfWork(845160050)--Thread(Thread[Test worker,5,main])--begin unit of work commit
[EL Finest]: query: 2016-06-22 05:12:24.108--UnitOfWork(845160050)--Thread(Thread[Test worker,5,main])--Execute query InsertObjectQuery(nqIPKdlbzsJIkBM9TQbclQmLXDTExgBPgHD4QpW0xyHUPHvE0X)
[EL Fine]: sql: 2016-06-22 05:12:24.109--ClientSession(142261823)--Connection(2121222248)--Thread(Thread[Test worker,5,main])--INSERT INTO ast_AddressType_M (addressTypeId, addressType, addressTypeDesc, addressTypeIcon, versionId, createdBy, createdDate, updatedBy, updatedDate, activeStatus, txnAccessCode) VALUES (?, ?, ?, ?, ?, ?, ?, ?, ?, ?, ?)
	bind => [C8574E67-C878-4BB0-9A58-6CA703C636C3, nqIPKdlbzsJIkBM9TQbclQmLXDTExgBPgHD4QpW0xyHUPHvE0X, XbnTp50Xu1T4FGQaAHmvvWXgAOIKlXFpFH3MXis5XTcZVobA9v, IahnRhyiBw5Rx4XHGJhfdZnzlmQ4CdkjDY8nt5dksCVc7rNBpc, 1, AAAAA, 2016-06-22 05:12:24.106, AAAAA, 2016-06-22 05:12:24.106, 1, 51000]
[EL Finer]: transaction: 2016-06-22 05:12:24.109--ClientSession(142261823)--Connection(2121222248)--Thread(Thread[Test worker,5,main])--commit transaction
[EL Finest]: connection: 2016-06-22 05:12:24.112--ServerSession(513126071)--Connection(1148119092)--Thread(Thread[Test worker,5,main])--Connection released to connection pool [default].
[EL Finer]: transaction: 2016-06-22 05:12:24.112--UnitOfWork(845160050)--Thread(Thread[Test worker,5,main])--end unit of work commit
[EL Finer]: transaction: 2016-06-22 05:12:24.112--UnitOfWork(845160050)--Thread(Thread[Test worker,5,main])--resume unit of work
[EL Finer]: transaction: 2016-06-22 05:12:24.112--UnitOfWork(845160050)--Thread(Thread[Test worker,5,main])--release unit of work
[EL Finer]: connection: 2016-06-22 05:12:24.112--ClientSession(142261823)--Thread(Thread[Test worker,5,main])--client released
[EL Finer]: connection: 2016-06-22 05:12:24.112--ServerSession(513126071)--Thread(Thread[Test worker,5,main])--client acquired: 9000741
[EL Finer]: transaction: 2016-06-22 05:12:24.112--ClientSession(9000741)--Thread(Thread[Test worker,5,main])--acquire unit of work: 951598697
[EL Finest]: connection: 2016-06-22 05:12:24.112--ServerSession(513126071)--Connection(1208581270)--Thread(Thread[Test worker,5,main])--Connection acquired from connection pool [default].
[EL Finer]: transaction: 2016-06-22 05:12:24.112--ClientSession(9000741)--Connection(1208581270)--Thread(Thread[Test worker,5,main])--begin transaction
[EL Finest]: connection: 2016-06-22 05:12:24.112--ClientSession(9000741)--Thread(Thread[Test worker,5,main])--reconnecting to external connection pool
Wed Jun 22 05:12:24 UTC 2016|Unknown Alarm = ORGLM312100100 Alarm Split = ORG-LM-3-1-2-100-100
[EL Finest]: transaction: 2016-06-22 05:12:24.116--UnitOfWork(951598697)--Thread(Thread[Test worker,5,main])--persist() operation called on: bJd4AbZpKRRsrSQKvcGgtV6rr5hYLTLcO6l87HhaKHzpFwDrNJ.
[EL Finest]: sequencing: 2016-06-22 05:12:24.116--UnitOfWork(951598697)--Thread(Thread[Test worker,5,main])--assign sequence to the object (47E975D7-BD5B-488E-9575-407CF2167107 -> bJd4AbZpKRRsrSQKvcGgtV6rr5hYLTLcO6l87HhaKHzpFwDrNJ)
[EL Finer]: transaction: 2016-06-22 05:12:24.116--UnitOfWork(951598697)--Thread(Thread[Test worker,5,main])--begin unit of work commit
[EL Finest]: query: 2016-06-22 05:12:24.116--UnitOfWork(951598697)--Thread(Thread[Test worker,5,main])--Execute query InsertObjectQuery(bJd4AbZpKRRsrSQKvcGgtV6rr5hYLTLcO6l87HhaKHzpFwDrNJ)
[EL Fine]: sql: 2016-06-22 05:12:24.116--ClientSession(9000741)--Connection(1945605138)--Thread(Thread[Test worker,5,main])--INSERT INTO ast_Country_M (countryId, capital, capitalLatitude, capitalLongitude, countryCode1, countryCode2, countryFlag, countryName, currencyCode, currencyName, currencySymbol, isoNumeric, versionId, createdBy, createdDate, updatedBy, updatedDate, activeStatus, txnAccessCode) VALUES (?, ?, ?, ?, ?, ?, ?, ?, ?, ?, ?, ?, ?, ?, ?, ?, ?, ?, ?)
	bind => [47E975D7-BD5B-488E-9575-407CF2167107, rNbRM2VIN7mQpBaVqcsKlEJqVDt5HI8A, 4, 7, VaO, jJy, wNNELEM2ONPKsDMyNMjUitxxouI4gxfFoZr2DxzG8CfCFIsK2f, bJd4AbZpKRRsrSQKvcGgtV6rr5hYLTLcO6l87HhaKHzpFwDrNJ, yyM, NTw6PN39S9abV6opiEpQdUK2qUjf2LT9vhpinLZFe7Z4JSaG0K, 35vuW4hPdUjm4tYv0hPvsTk6VbpzlIZx, 210, 1, AAAAA, 2016-06-22 05:12:24.112, AAAAA, 2016-06-22 05:12:24.112, 1, 51000]
[EL Finer]: transaction: 2016-06-22 05:12:24.118--ClientSession(9000741)--Connection(1945605138)--Thread(Thread[Test worker,5,main])--commit transaction
[EL Finest]: connection: 2016-06-22 05:12:24.12--ServerSession(513126071)--Connection(1208581270)--Thread(Thread[Test worker,5,main])--Connection released to connection pool [default].
[EL Finer]: transaction: 2016-06-22 05:12:24.12--UnitOfWork(951598697)--Thread(Thread[Test worker,5,main])--end unit of work commit
[EL Finer]: transaction: 2016-06-22 05:12:24.12--UnitOfWork(951598697)--Thread(Thread[Test worker,5,main])--resume unit of work
[EL Finer]: transaction: 2016-06-22 05:12:24.12--UnitOfWork(951598697)--Thread(Thread[Test worker,5,main])--release unit of work
[EL Finer]: connection: 2016-06-22 05:12:24.12--ClientSession(9000741)--Thread(Thread[Test worker,5,main])--client released
[EL Finer]: connection: 2016-06-22 05:12:24.12--ServerSession(513126071)--Thread(Thread[Test worker,5,main])--client acquired: 1003266262
[EL Finer]: transaction: 2016-06-22 05:12:24.121--ClientSession(1003266262)--Thread(Thread[Test worker,5,main])--acquire unit of work: 2001952837
[EL Finest]: connection: 2016-06-22 05:12:24.121--ServerSession(513126071)--Connection(47550263)--Thread(Thread[Test worker,5,main])--Connection acquired from connection pool [default].
[EL Finer]: transaction: 2016-06-22 05:12:24.121--ClientSession(1003266262)--Connection(47550263)--Thread(Thread[Test worker,5,main])--begin transaction
[EL Finest]: connection: 2016-06-22 05:12:24.121--ClientSession(1003266262)--Thread(Thread[Test worker,5,main])--reconnecting to external connection pool
Wed Jun 22 05:12:24 UTC 2016|Unknown Alarm = ORGLM312100100 Alarm Split = ORG-LM-3-1-2-100-100
[EL Finest]: transaction: 2016-06-22 05:12:24.126--UnitOfWork(2001952837)--Thread(Thread[Test worker,5,main])--persist() operation called on: EEyV2NMLqBb3OBEpwdlz8Iuh3BDoeVXZHzPN9ADD44pf6ba3Kn.
[EL Finest]: sequencing: 2016-06-22 05:12:24.126--UnitOfWork(2001952837)--Thread(Thread[Test worker,5,main])--assign sequence to the object (372DF77D-4C37-495A-9017-007BFFCA50A2 -> EEyV2NMLqBb3OBEpwdlz8Iuh3BDoeVXZHzPN9ADD44pf6ba3Kn)
[EL Finer]: transaction: 2016-06-22 05:12:24.126--UnitOfWork(2001952837)--Thread(Thread[Test worker,5,main])--begin unit of work commit
[EL Finest]: query: 2016-06-22 05:12:24.127--UnitOfWork(2001952837)--Thread(Thread[Test worker,5,main])--Execute query InsertObjectQuery(EEyV2NMLqBb3OBEpwdlz8Iuh3BDoeVXZHzPN9ADD44pf6ba3Kn)
[EL Fine]: sql: 2016-06-22 05:12:24.127--ClientSession(1003266262)--Connection(1898976840)--Thread(Thread[Test worker,5,main])--INSERT INTO ast_State_M (stateId, countryId, stateCapital, stateCapitalLatitude, stateCapitalLongitude, stateCode, stateCodeChar2, stateCodeChar3, stateDescription, stateFlag, stateName, versionId, createdBy, createdDate, updatedBy, updatedDate, activeStatus, txnAccessCode) VALUES (?, ?, ?, ?, ?, ?, ?, ?, ?, ?, ?, ?, ?, ?, ?, ?, ?, ?)
	bind => [372DF77D-4C37-495A-9017-007BFFCA50A2, 47E975D7-BD5B-488E-9575-407CF2167107, neZEEZMsYHY8GvaTU6xmSlrkehldGEa7Hu8pBI7rVtttEfIoGs, 7, 9, 1, 8vLIltcsFPVpmEE7SbSpzgPe5tDN9H4Y, Tp8FJ4boydvJsi9Z16AVZQuPmUcDAEjp, HZF7YAgfA9augA55IZOoT1rLeXeNVbkWKtYO6AOjKo8i4u2q5K, 12QRITr8q9F5W605RCSCwhuOONTuBTontyfo2WUW4b2e28qiNG, EEyV2NMLqBb3OBEpwdlz8Iuh3BDoeVXZHzPN9ADD44pf6ba3Kn, 1, AAAAA, 2016-06-22 05:12:24.12, AAAAA, 2016-06-22 05:12:24.12, 1, 51000]
[EL Finer]: transaction: 2016-06-22 05:12:24.128--ClientSession(1003266262)--Connection(1898976840)--Thread(Thread[Test worker,5,main])--commit transaction
[EL Finest]: connection: 2016-06-22 05:12:24.185--ServerSession(513126071)--Connection(47550263)--Thread(Thread[Test worker,5,main])--Connection released to connection pool [default].
[EL Finer]: transaction: 2016-06-22 05:12:24.186--UnitOfWork(2001952837)--Thread(Thread[Test worker,5,main])--end unit of work commit
[EL Finer]: transaction: 2016-06-22 05:12:24.186--UnitOfWork(2001952837)--Thread(Thread[Test worker,5,main])--resume unit of work
[EL Finer]: transaction: 2016-06-22 05:12:24.186--UnitOfWork(2001952837)--Thread(Thread[Test worker,5,main])--release unit of work
[EL Finer]: connection: 2016-06-22 05:12:24.186--ClientSession(1003266262)--Thread(Thread[Test worker,5,main])--client released
[EL Finer]: connection: 2016-06-22 05:12:24.186--ServerSession(513126071)--Thread(Thread[Test worker,5,main])--client acquired: 2054048532
[EL Finer]: transaction: 2016-06-22 05:12:24.186--ClientSession(2054048532)--Thread(Thread[Test worker,5,main])--acquire unit of work: 1594051799
[EL Finest]: connection: 2016-06-22 05:12:24.186--ServerSession(513126071)--Connection(1370089468)--Thread(Thread[Test worker,5,main])--Connection acquired from connection pool [default].
[EL Finer]: transaction: 2016-06-22 05:12:24.186--ClientSession(2054048532)--Connection(1370089468)--Thread(Thread[Test worker,5,main])--begin transaction
[EL Finest]: connection: 2016-06-22 05:12:24.186--ClientSession(2054048532)--Thread(Thread[Test worker,5,main])--reconnecting to external connection pool
Wed Jun 22 05:12:24 UTC 2016|Unknown Alarm = ORGLM312100100 Alarm Split = ORG-LM-3-1-2-100-100
[EL Finest]: transaction: 2016-06-22 05:12:24.189--UnitOfWork(1594051799)--Thread(Thread[Test worker,5,main])--persist() operation called on: u1HvJ2sgG3IJJTnG6c9fklvGTQP5bGrDLymKUYNi0riDD1ofAt,fSTVm3VvO6D3ivbcOW7fmjHWt1EoXUD9,1.
[EL Finest]: sequencing: 2016-06-22 05:12:24.189--UnitOfWork(1594051799)--Thread(Thread[Test worker,5,main])--assign sequence to the object (0D78BE50-B1B9-491D-9067-17110F2D3569 -> u1HvJ2sgG3IJJTnG6c9fklvGTQP5bGrDLymKUYNi0riDD1ofAt,fSTVm3VvO6D3ivbcOW7fmjHWt1EoXUD9,1)
[EL Finer]: transaction: 2016-06-22 05:12:24.19--UnitOfWork(1594051799)--Thread(Thread[Test worker,5,main])--begin unit of work commit
[EL Finest]: query: 2016-06-22 05:12:24.19--UnitOfWork(1594051799)--Thread(Thread[Test worker,5,main])--Execute query InsertObjectQuery(u1HvJ2sgG3IJJTnG6c9fklvGTQP5bGrDLymKUYNi0riDD1ofAt,fSTVm3VvO6D3ivbcOW7fmjHWt1EoXUD9,1)
[EL Fine]: sql: 2016-06-22 05:12:24.19--ClientSession(2054048532)--Connection(1378115701)--Thread(Thread[Test worker,5,main])--INSERT INTO ast_City_M (cityId, cityCode, cityCodeChar2, cityDescription, cityFlag, cityLatitude, cityLongitude, cityName, countryId, stateId, versionId, createdBy, createdDate, updatedBy, updatedDate, activeStatus, txnAccessCode) VALUES (?, ?, ?, ?, ?, ?, ?, ?, ?, ?, ?, ?, ?, ?, ?, ?, ?)
	bind => [0D78BE50-B1B9-491D-9067-17110F2D3569, 1, fSTVm3VvO6D3ivbcOW7fmjHWt1EoXUD9, 78XHUysPJ2qsQ0nW0bqNfLB0leTirWlxdJ0TFfLKJoRkXCNzgs, TMwBY3OZc4Rgc3op5ryHkvFgX41wUTljxTatkrs9W1kNSkh0pY, 7, 4, u1HvJ2sgG3IJJTnG6c9fklvGTQP5bGrDLymKUYNi0riDD1ofAt, 47E975D7-BD5B-488E-9575-407CF2167107, 372DF77D-4C37-495A-9017-007BFFCA50A2, 1, AAAAA, 2016-06-22 05:12:24.186, AAAAA, 2016-06-22 05:12:24.186, 1, 51000]
[EL Finer]: transaction: 2016-06-22 05:12:24.191--ClientSession(2054048532)--Connection(1378115701)--Thread(Thread[Test worker,5,main])--commit transaction
[EL Finest]: connection: 2016-06-22 05:12:24.193--ServerSession(513126071)--Connection(1370089468)--Thread(Thread[Test worker,5,main])--Connection released to connection pool [default].
[EL Finer]: transaction: 2016-06-22 05:12:24.193--UnitOfWork(1594051799)--Thread(Thread[Test worker,5,main])--end unit of work commit
[EL Finer]: transaction: 2016-06-22 05:12:24.193--UnitOfWork(1594051799)--Thread(Thread[Test worker,5,main])--resume unit of work
[EL Finer]: transaction: 2016-06-22 05:12:24.193--UnitOfWork(1594051799)--Thread(Thread[Test worker,5,main])--release unit of work
[EL Finer]: connection: 2016-06-22 05:12:24.194--ClientSession(2054048532)--Thread(Thread[Test worker,5,main])--client released
Setting logged in user info for ADD
Setting logged in user info for ADD
Setting logged in user info for ADD
[EL Finer]: connection: 2016-06-22 05:12:24.199--ServerSession(513126071)--Thread(Thread[Test worker,5,main])--client acquired: 1247368790
[EL Finer]: transaction: 2016-06-22 05:12:24.199--ClientSession(1247368790)--Thread(Thread[Test worker,5,main])--acquire unit of work: 791891516
[EL Finest]: connection: 2016-06-22 05:12:24.2--ServerSession(513126071)--Connection(1364548953)--Thread(Thread[Test worker,5,main])--Connection acquired from connection pool [default].
[EL Finer]: transaction: 2016-06-22 05:12:24.2--ClientSession(1247368790)--Connection(1364548953)--Thread(Thread[Test worker,5,main])--begin transaction
[EL Finest]: connection: 2016-06-22 05:12:24.2--ClientSession(1247368790)--Thread(Thread[Test worker,5,main])--reconnecting to external connection pool
[EL Finest]: transaction: 2016-06-22 05:12:24.201--UnitOfWork(791891516)--Thread(Thread[Test worker,5,main])--persist() operation called on: I5v0nM2LBdkFa3XsHgsE5Bj8iV5jNIx9gCKeX8YvNxiickVcrd,JO56ms5qi5NU7xmsNEDpdv0cR6j4oz6hUNbnlTk4lONlknVK7h,usFzCA4OqzbYQlObL3jaqiXz25l73LSvlERE83UcWbpfZcu69N,V39UI68BiulgmLvUrwZpveimVtNUHqO3JGj8dHveZXbnyVchGY,OoBd2cHpiK69HrfGC757.
[EL Finest]: sequencing: 2016-06-22 05:12:24.201--UnitOfWork(791891516)--Thread(Thread[Test worker,5,main])--assign sequence to the object (56A9370A-FC75-444E-BA9E-FC4E04394C77 -> I5v0nM2LBdkFa3XsHgsE5Bj8iV5jNIx9gCKeX8YvNxiickVcrd,JO56ms5qi5NU7xmsNEDpdv0cR6j4oz6hUNbnlTk4lONlknVK7h,usFzCA4OqzbYQlObL3jaqiXz25l73LSvlERE83UcWbpfZcu69N,V39UI68BiulgmLvUrwZpveimVtNUHqO3JGj8dHveZXbnyVchGY,OoBd2cHpiK69HrfGC757)
[EL Finest]: transaction: 2016-06-22 05:12:24.201--UnitOfWork(791891516)--Thread(Thread[Test worker,5,main])--persist() operation called on: CCIqFN.
[EL Finest]: sequencing: 2016-06-22 05:12:24.201--UnitOfWork(791891516)--Thread(Thread[Test worker,5,main])--assign sequence to the object (BF27C725-D3BF-4886-8067-F7C051DEDCDB -> CCIqFN)
[EL Finest]: transaction: 2016-06-22 05:12:24.201--UnitOfWork(791891516)--Thread(Thread[Test worker,5,main])--persist() operation called on: RThWgwNH1v.
[EL Finest]: sequencing: 2016-06-22 05:12:24.201--UnitOfWork(791891516)--Thread(Thread[Test worker,5,main])--assign sequence to the object (2FA1EFDF-16B5-4301-8E8F-12405A8CA4CA -> RThWgwNH1v)
[EL Finer]: transaction: 2016-06-22 05:12:24.202--UnitOfWork(791891516)--Thread(Thread[Test worker,5,main])--begin unit of work commit
[EL Finest]: query: 2016-06-22 05:12:24.202--UnitOfWork(791891516)--Thread(Thread[Test worker,5,main])--Execute query DoesExistQuery(referenceClass=Timezone )
[EL Fine]: sql: 2016-06-22 05:12:24.202--ClientSession(1247368790)--Connection(479420987)--Thread(Thread[Test worker,5,main])--SELECT timeZoneId FROM ast_Timezone_M WHERE (timeZoneId = ?)
	bind => [1E2B3023-2C11-44E9-A3E5-7128D709EC23]
[EL Finest]: query: 2016-06-22 05:12:24.203--UnitOfWork(791891516)--Thread(Thread[Test worker,5,main])--Execute query InsertObjectQuery(I5v0nM2LBdkFa3XsHgsE5Bj8iV5jNIx9gCKeX8YvNxiickVcrd,JO56ms5qi5NU7xmsNEDpdv0cR6j4oz6hUNbnlTk4lONlknVK7h,usFzCA4OqzbYQlObL3jaqiXz25l73LSvlERE83UcWbpfZcu69N,V39UI68BiulgmLvUrwZpveimVtNUHqO3JGj8dHveZXbnyVchGY,OoBd2cHpiK69HrfGC757)
[EL Fine]: sql: 2016-06-22 05:12:24.204--ClientSession(1247368790)--Connection(479420987)--Thread(Thread[Test worker,5,main])--INSERT INTO ast_CoreContacts_T (contactId, age, approximateDOB, dateofbirth, emailId, firstName, genderId, lastName, middleName, nativeFirstName, nativeLanguageCode, nativeLastName, nativeMiddleName, nativeTitle, phoneNumber, titleId, versionId, createdBy, createdDate, updatedBy, updatedDate, activeStatus, txnAccessCode, timeZoneId) VALUES (?, ?, ?, ?, ?, ?, ?, ?, ?, ?, ?, ?, ?, ?, ?, ?, ?, ?, ?, ?, ?, ?, ?, ?)
	bind => [56A9370A-FC75-444E-BA9E-FC4E04394C77, 121, 2016-06-22 05:02:12.246, 2016-06-22 05:02:12.422, V39UI68BiulgmLvUrwZpveimVtNUHqO3JGj8dHveZXbnyVchGY, I5v0nM2LBdkFa3XsHgsE5Bj8iV5jNIx9gCKeX8YvNxiickVcrd, 219687DA-0F3F-4B5E-B653-2D4ECEAE7692, usFzCA4OqzbYQlObL3jaqiXz25l73LSvlERE83UcWbpfZcu69N, JO56ms5qi5NU7xmsNEDpdv0cR6j4oz6hUNbnlTk4lONlknVK7h, uV7r4ZKfyX7h12v3oogTEp8FTSjonGRsooH6P1WXuL0ZkRsFdQ, 3547A6C4-10F9-46DA-B997-ED1E39D3073A, c6Tn8ZWPdBwQbqiubvCfqiWtXP04LHJi0GRxFe3lkZHbH1CK0F, GooJHUAf7PRq6KqHcgjq4ozCj0Mz2gz0J0ivozaIwLXMlRUNcc, w4Rwd1HioG6HwZu37X7TXoaaczmJ6709Mlvo0lQn07lpFjswb9, OoBd2cHpiK69HrfGC757, 1801B132-AF31-4374-8B28-76259286F0C0, 1, AAAAA, 2016-06-22 05:12:24.086, AAAAA, 2016-06-22 05:12:24.086, 1, 51000, 1E2B3023-2C11-44E9-A3E5-7128D709EC23]
[EL Finest]: query: 2016-06-22 05:12:24.205--UnitOfWork(791891516)--Thread(Thread[Test worker,5,main])--Execute query InsertObjectQuery(RThWgwNH1v)
[EL Fine]: sql: 2016-06-22 05:12:24.205--ClientSession(1247368790)--Connection(479420987)--Thread(Thread[Test worker,5,main])--INSERT INTO ast_CommunicationData_TP (commDataId, commData, commGroupId, commType, versionId, createdBy, createdDate, updatedBy, updatedDate, activeStatus, txnAccessCode) VALUES (?, ?, ?, ?, ?, ?, ?, ?, ?, ?, ?)
	bind => [2FA1EFDF-16B5-4301-8E8F-12405A8CA4CA, RThWgwNH1v, C564BFBF-A095-4CB5-8947-F14ADF3C4CFA, A3977CF2-7A24-4B50-91CC-91F655FE1C4C, 1, AAAAA, 2016-06-22 05:12:24.092, AAAAA, 2016-06-22 05:12:24.092, 1, 51000]
[EL Finest]: query: 2016-06-22 05:12:24.208--UnitOfWork(791891516)--Thread(Thread[Test worker,5,main])--Execute query InsertObjectQuery(CCIqFN)
[EL Fine]: sql: 2016-06-22 05:12:24.208--ClientSession(1247368790)--Connection(479420987)--Thread(Thread[Test worker,5,main])--INSERT INTO ast_Address_T (addressId, address1, address2, address3, addressLabel, addressTypeId, cityId, countryId, latitude, longitude, stateId, versionId, zipcode, createdBy, createdDate, updatedBy, updatedDate, activeStatus, txnAccessCode) VALUES (?, ?, ?, ?, ?, ?, ?, ?, ?, ?, ?, ?, ?, ?, ?, ?, ?, ?, ?)
	bind => [BF27C725-D3BF-4886-8067-F7C051DEDCDB, lSovtHik7PzjLY9ltw5hVxLZMdVgbrG08k1KMTVIhrb2INsbYL, s0OfkWwGwplpz5JDfyyjv07bc41XzVhW6Ivi1jD5Eh9Sm5OjMB, yNDNt9s6ev5akcOWRIifFwTPBogdnmV45ZmZ85MaB0J3U33BDn, b0tC7o5tz0X, C8574E67-C878-4BB0-9A58-6CA703C636C3, 0D78BE50-B1B9-491D-9067-17110F2D3569, 47E975D7-BD5B-488E-9575-407CF2167107, GgYMsqagq9MBYve49I0wdlbXcdk5jsXAreCcGSXzEf1or3JXlt, W44TuxRa213r3c74ZtGf80MLRZ74g8uuKLyFI5Onci8tv0shWf, 372DF77D-4C37-495A-9017-007BFFCA50A2, 1, CCIqFN, AAAAA, 2016-06-22 05:12:24.106, AAAAA, 2016-06-22 05:12:24.106, 1, 51000]
[EL Finest]: query: 2016-06-22 05:12:24.21--ClientSession(1247368790)--Thread(Thread[Test worker,5,main])--Execute query DataModifyQuery(name="address" sql="INSERT INTO ast_AddressMap_B (addressId, contactId) VALUES (?, ?)")
[EL Fine]: sql: 2016-06-22 05:12:24.21--ClientSession(1247368790)--Connection(479420987)--Thread(Thread[Test worker,5,main])--INSERT INTO ast_AddressMap_B (addressId, contactId) VALUES (?, ?)
	bind => [BF27C725-D3BF-4886-8067-F7C051DEDCDB, 56A9370A-FC75-444E-BA9E-FC4E04394C77]
[EL Finest]: query: 2016-06-22 05:12:24.211--ClientSession(1247368790)--Thread(Thread[Test worker,5,main])--Execute query DataModifyQuery(name="communicationData" sql="INSERT INTO ast_CommunicationMap_B (commDataId, contactId) VALUES (?, ?)")
[EL Fine]: sql: 2016-06-22 05:12:24.211--ClientSession(1247368790)--Connection(479420987)--Thread(Thread[Test worker,5,main])--INSERT INTO ast_CommunicationMap_B (commDataId, contactId) VALUES (?, ?)
	bind => [2FA1EFDF-16B5-4301-8E8F-12405A8CA4CA, 56A9370A-FC75-444E-BA9E-FC4E04394C77]
[EL Finer]: transaction: 2016-06-22 05:12:24.212--ClientSession(1247368790)--Connection(479420987)--Thread(Thread[Test worker,5,main])--commit transaction
[EL Finest]: connection: 2016-06-22 05:12:24.214--ServerSession(513126071)--Connection(1364548953)--Thread(Thread[Test worker,5,main])--Connection released to connection pool [default].
[EL Finer]: transaction: 2016-06-22 05:12:24.214--UnitOfWork(791891516)--Thread(Thread[Test worker,5,main])--end unit of work commit
[EL Finer]: transaction: 2016-06-22 05:12:24.214--UnitOfWork(791891516)--Thread(Thread[Test worker,5,main])--resume unit of work
[EL Finer]: transaction: 2016-06-22 05:12:24.215--UnitOfWork(791891516)--Thread(Thread[Test worker,5,main])--release unit of work
[EL Finer]: connection: 2016-06-22 05:12:24.215--ClientSession(1247368790)--Thread(Thread[Test worker,5,main])--client released
[EL Finer]: connection: 2016-06-22 05:12:24.221--ServerSession(513126071)--Thread(Thread[Test worker,5,main])--client acquired: 1298231406
[EL Finer]: transaction: 2016-06-22 05:12:24.221--ClientSession(1298231406)--Thread(Thread[Test worker,5,main])--acquire unit of work: 941387122
[EL Finest]: connection: 2016-06-22 05:12:24.221--ServerSession(513126071)--Connection(1381332005)--Thread(Thread[Test worker,5,main])--Connection acquired from connection pool [default].
[EL Finer]: transaction: 2016-06-22 05:12:24.221--ClientSession(1298231406)--Connection(1381332005)--Thread(Thread[Test worker,5,main])--begin transaction
[EL Finest]: connection: 2016-06-22 05:12:24.221--ClientSession(1298231406)--Thread(Thread[Test worker,5,main])--reconnecting to external connection pool
[EL Finer]: transaction: 2016-06-22 05:12:24.222--UnitOfWork(941387122)--Thread(Thread[Test worker,5,main])--begin unit of work flush
[EL Finer]: transaction: 2016-06-22 05:12:24.222--UnitOfWork(941387122)--Thread(Thread[Test worker,5,main])--end unit of work flush
[EL Finest]: query: 2016-06-22 05:12:24.222--UnitOfWork(941387122)--Thread(Thread[Test worker,5,main])--Execute query ReadAllQuery(name="CoreContacts.findById" referenceClass=CoreContacts sql="SELECT contactId, age, approximateDOB, dateofbirth, emailId, firstName, genderId, lastName, middleName, nativeFirstName, nativeLanguageCode, nativeLastName, nativeMiddleName, nativeTitle, phoneNumber, titleId, versionId, createdBy, createdDate, updatedBy, updatedDate, activeStatus, txnAccessCode, timeZoneId FROM ast_CoreContacts_T WHERE ((activeStatus = ?) AND (contactId = ?))")
[EL Fine]: sql: 2016-06-22 05:12:24.222--ClientSession(1298231406)--Connection(1414018499)--Thread(Thread[Test worker,5,main])--SELECT contactId, age, approximateDOB, dateofbirth, emailId, firstName, genderId, lastName, middleName, nativeFirstName, nativeLanguageCode, nativeLastName, nativeMiddleName, nativeTitle, phoneNumber, titleId, versionId, createdBy, createdDate, updatedBy, updatedDate, activeStatus, txnAccessCode, timeZoneId FROM ast_CoreContacts_T WHERE ((activeStatus = ?) AND (contactId = ?))
	bind => [1, 56A9370A-FC75-444E-BA9E-FC4E04394C77]
[EL Finest]: query: 2016-06-22 05:12:24.224--UnitOfWork(941387122)--Thread(Thread[Test worker,5,main])--Execute query ReadObjectQuery(name="timezone" referenceClass=Timezone )
[EL Fine]: sql: 2016-06-22 05:12:24.224--ClientSession(1298231406)--Connection(1414018499)--Thread(Thread[Test worker,5,main])--SELECT timeZoneId, cities, country, gmtLabel, timeZoneLabel, utcdifference, versionId, createdBy, createdDate, updatedBy, updatedDate, activeStatus, txnAccessCode FROM ast_Timezone_M WHERE (timeZoneId = ?)
	bind => [1E2B3023-2C11-44E9-A3E5-7128D709EC23]
[EL Finer]: transaction: 2016-06-22 05:12:24.225--UnitOfWork(941387122)--Thread(Thread[Test worker,5,main])--begin unit of work commit
[EL Finer]: transaction: 2016-06-22 05:12:24.225--ClientSession(1298231406)--Connection(1414018499)--Thread(Thread[Test worker,5,main])--commit transaction
[EL Finest]: connection: 2016-06-22 05:12:24.226--ServerSession(513126071)--Connection(1381332005)--Thread(Thread[Test worker,5,main])--Connection released to connection pool [default].
[EL Finer]: transaction: 2016-06-22 05:12:24.226--UnitOfWork(941387122)--Thread(Thread[Test worker,5,main])--end unit of work commit
[EL Finer]: transaction: 2016-06-22 05:12:24.226--UnitOfWork(941387122)--Thread(Thread[Test worker,5,main])--resume unit of work
[EL Finer]: transaction: 2016-06-22 05:12:24.226--UnitOfWork(941387122)--Thread(Thread[Test worker,5,main])--release unit of work
[EL Finer]: connection: 2016-06-22 05:12:24.226--ClientSession(1298231406)--Thread(Thread[Test worker,5,main])--client released
Setting logged in user info for UPDATE
[EL Finest]: query: 2016-06-22 05:12:24.226--UnitOfWork(941387122)--Thread(Thread[Test worker,5,main])--Execute query ReadAllQuery(name="communicationData" referenceClass=CommunicationData sql="SELECT t1.commDataId, t1.commData, t1.commGroupId, t1.commType, t1.versionId, t1.createdBy, t1.createdDate, t1.updatedBy, t1.updatedDate, t1.activeStatus, t1.txnAccessCode FROM ast_CommunicationMap_B t0, ast_CommunicationData_TP t1 WHERE ((t0.contactId = ?) AND (t1.commDataId = t0.commDataId))")
[EL Finest]: connection: 2016-06-22 05:12:24.226--ServerSession(513126071)--Connection(2090671326)--Thread(Thread[Test worker,5,main])--Connection acquired from connection pool [read].
[EL Finest]: connection: 2016-06-22 05:12:24.226--ServerSession(513126071)--Thread(Thread[Test worker,5,main])--reconnecting to external connection pool
[EL Fine]: sql: 2016-06-22 05:12:24.226--ServerSession(513126071)--Connection(785543868)--Thread(Thread[Test worker,5,main])--SELECT t1.commDataId, t1.commData, t1.commGroupId, t1.commType, t1.versionId, t1.createdBy, t1.createdDate, t1.updatedBy, t1.updatedDate, t1.activeStatus, t1.txnAccessCode FROM ast_CommunicationMap_B t0, ast_CommunicationData_TP t1 WHERE ((t0.contactId = ?) AND (t1.commDataId = t0.commDataId))
	bind => [56A9370A-FC75-444E-BA9E-FC4E04394C77]
[EL Finest]: connection: 2016-06-22 05:12:24.227--ServerSession(513126071)--Connection(2090671326)--Thread(Thread[Test worker,5,main])--Connection released to connection pool [read].
[EL Finest]: transaction: 2016-06-22 05:12:24.228--UnitOfWork(941387122)--Thread(Thread[Test worker,5,main])--Register the existing object RThWgwNH1v
Setting logged in user info for UPDATE
[EL Finest]: query: 2016-06-22 05:12:24.228--UnitOfWork(941387122)--Thread(Thread[Test worker,5,main])--Execute query ReadAllQuery(name="address" referenceClass=Address sql="SELECT t1.addressId, t1.address1, t1.address2, t1.address3, t1.addressLabel, t1.addressTypeId, t1.cityId, t1.countryId, t1.latitude, t1.longitude, t1.stateId, t1.versionId, t1.zipcode, t1.createdBy, t1.createdDate, t1.updatedBy, t1.updatedDate, t1.activeStatus, t1.txnAccessCode FROM ast_AddressMap_B t0, ast_Address_T t1 WHERE ((t0.contactId = ?) AND (t1.addressId = t0.addressId))")
[EL Finest]: connection: 2016-06-22 05:12:24.228--ServerSession(513126071)--Connection(1481455838)--Thread(Thread[Test worker,5,main])--Connection acquired from connection pool [read].
[EL Finest]: connection: 2016-06-22 05:12:24.228--ServerSession(513126071)--Thread(Thread[Test worker,5,main])--reconnecting to external connection pool
[EL Fine]: sql: 2016-06-22 05:12:24.228--ServerSession(513126071)--Connection(902865948)--Thread(Thread[Test worker,5,main])--SELECT t1.addressId, t1.address1, t1.address2, t1.address3, t1.addressLabel, t1.addressTypeId, t1.cityId, t1.countryId, t1.latitude, t1.longitude, t1.stateId, t1.versionId, t1.zipcode, t1.createdBy, t1.createdDate, t1.updatedBy, t1.updatedDate, t1.activeStatus, t1.txnAccessCode FROM ast_AddressMap_B t0, ast_Address_T t1 WHERE ((t0.contactId = ?) AND (t1.addressId = t0.addressId))
	bind => [56A9370A-FC75-444E-BA9E-FC4E04394C77]
[EL Finest]: connection: 2016-06-22 05:12:24.229--ServerSession(513126071)--Connection(1481455838)--Thread(Thread[Test worker,5,main])--Connection released to connection pool [read].
[EL Finest]: transaction: 2016-06-22 05:12:24.229--UnitOfWork(941387122)--Thread(Thread[Test worker,5,main])--Register the existing object CCIqFN
Setting logged in user info for UPDATE
[EL Finer]: connection: 2016-06-22 05:12:24.23--ServerSession(513126071)--Thread(Thread[Test worker,5,main])--client acquired: 1867192428
[EL Finer]: transaction: 2016-06-22 05:12:24.23--ClientSession(1867192428)--Thread(Thread[Test worker,5,main])--acquire unit of work: 724603785
[EL Finest]: connection: 2016-06-22 05:12:24.23--ServerSession(513126071)--Connection(36052358)--Thread(Thread[Test worker,5,main])--Connection acquired from connection pool [default].
[EL Finer]: transaction: 2016-06-22 05:12:24.23--ClientSession(1867192428)--Connection(36052358)--Thread(Thread[Test worker,5,main])--begin transaction
[EL Finest]: connection: 2016-06-22 05:12:24.23--ClientSession(1867192428)--Thread(Thread[Test worker,5,main])--reconnecting to external connection pool
[EL Finest]: transaction: 2016-06-22 05:12:24.234--UnitOfWork(724603785)--Thread(Thread[Test worker,5,main])--Merge clone with references gIAAyX9g2dVpZ39TSTmm8R3GJ8MzH9QSSbwwgSX1qgYu0TOWJR,gUosruwDopNCRfQrgWPnNlt9x3MKwBlECvrecTcNsG8RooyL4A,56FR65pnMEos0znRSiwbQJqz0ReeIlN0qp7nT9yy3VVuQX1HSJ,rXgb7eKsy0DrL4rKDq3N4CPKINdQCYtzY5G5IHyufw6NAfbqVv,MivQbVqDxox9DW5oL6yG
[EL Finest]: query: 2016-06-22 05:12:24.234--UnitOfWork(724603785)--Thread(Thread[Test worker,5,main])--Execute query ReadObjectQuery(referenceClass=CoreContacts )
[EL Fine]: sql: 2016-06-22 05:12:24.234--ClientSession(1867192428)--Connection(1643329543)--Thread(Thread[Test worker,5,main])--SELECT contactId, age, approximateDOB, dateofbirth, emailId, firstName, genderId, lastName, middleName, nativeFirstName, nativeLanguageCode, nativeLastName, nativeMiddleName, nativeTitle, phoneNumber, titleId, versionId, createdBy, createdDate, updatedBy, updatedDate, activeStatus, txnAccessCode, timeZoneId FROM ast_CoreContacts_T WHERE (contactId = ?)
	bind => [56A9370A-FC75-444E-BA9E-FC4E04394C77]
[EL Finest]: query: 2016-06-22 05:12:24.235--UnitOfWork(724603785)--Thread(Thread[Test worker,5,main])--Execute query ReadObjectQuery(name="timezone" referenceClass=Timezone )
[EL Fine]: sql: 2016-06-22 05:12:24.235--ClientSession(1867192428)--Connection(1643329543)--Thread(Thread[Test worker,5,main])--SELECT timeZoneId, cities, country, gmtLabel, timeZoneLabel, utcdifference, versionId, createdBy, createdDate, updatedBy, updatedDate, activeStatus, txnAccessCode FROM ast_Timezone_M WHERE (timeZoneId = ?)
	bind => [1E2B3023-2C11-44E9-A3E5-7128D709EC23]
[EL Finest]: query: 2016-06-22 05:12:24.236--UnitOfWork(724603785)--Thread(Thread[Test worker,5,main])--Execute query ReadAllQuery(name="address" referenceClass=Address sql="SELECT t1.addressId, t1.address1, t1.address2, t1.address3, t1.addressLabel, t1.addressTypeId, t1.cityId, t1.countryId, t1.latitude, t1.longitude, t1.stateId, t1.versionId, t1.zipcode, t1.createdBy, t1.createdDate, t1.updatedBy, t1.updatedDate, t1.activeStatus, t1.txnAccessCode FROM ast_AddressMap_B t0, ast_Address_T t1 WHERE ((t0.contactId = ?) AND (t1.addressId = t0.addressId))")
[EL Fine]: sql: 2016-06-22 05:12:24.237--ClientSession(1867192428)--Connection(1643329543)--Thread(Thread[Test worker,5,main])--SELECT t1.addressId, t1.address1, t1.address2, t1.address3, t1.addressLabel, t1.addressTypeId, t1.cityId, t1.countryId, t1.latitude, t1.longitude, t1.stateId, t1.versionId, t1.zipcode, t1.createdBy, t1.createdDate, t1.updatedBy, t1.updatedDate, t1.activeStatus, t1.txnAccessCode FROM ast_AddressMap_B t0, ast_Address_T t1 WHERE ((t0.contactId = ?) AND (t1.addressId = t0.addressId))
	bind => [56A9370A-FC75-444E-BA9E-FC4E04394C77]
[EL Finest]: query: 2016-06-22 05:12:24.238--UnitOfWork(724603785)--Thread(Thread[Test worker,5,main])--Execute query ReadAllQuery(name="communicationData" referenceClass=CommunicationData sql="SELECT t1.commDataId, t1.commData, t1.commGroupId, t1.commType, t1.versionId, t1.createdBy, t1.createdDate, t1.updatedBy, t1.updatedDate, t1.activeStatus, t1.txnAccessCode FROM ast_CommunicationMap_B t0, ast_CommunicationData_TP t1 WHERE ((t0.contactId = ?) AND (t1.commDataId = t0.commDataId))")
[EL Fine]: sql: 2016-06-22 05:12:24.238--ClientSession(1867192428)--Connection(1643329543)--Thread(Thread[Test worker,5,main])--SELECT t1.commDataId, t1.commData, t1.commGroupId, t1.commType, t1.versionId, t1.createdBy, t1.createdDate, t1.updatedBy, t1.updatedDate, t1.activeStatus, t1.txnAccessCode FROM ast_CommunicationMap_B t0, ast_CommunicationData_TP t1 WHERE ((t0.contactId = ?) AND (t1.commDataId = t0.commDataId))
	bind => [56A9370A-FC75-444E-BA9E-FC4E04394C77]
[EL Finer]: transaction: 2016-06-22 05:12:24.239--UnitOfWork(724603785)--Thread(Thread[Test worker,5,main])--begin unit of work commit
[EL Finest]: query: 2016-06-22 05:12:24.239--UnitOfWork(724603785)--Thread(Thread[Test worker,5,main])--Execute query UpdateObjectQuery(gIAAyX9g2dVpZ39TSTmm8R3GJ8MzH9QSSbwwgSX1qgYu0TOWJR,gUosruwDopNCRfQrgWPnNlt9x3MKwBlECvrecTcNsG8RooyL4A,56FR65pnMEos0znRSiwbQJqz0ReeIlN0qp7nT9yy3VVuQX1HSJ,rXgb7eKsy0DrL4rKDq3N4CPKINdQCYtzY5G5IHyufw6NAfbqVv,MivQbVqDxox9DW5oL6yG)
[EL Fine]: sql: 2016-06-22 05:12:24.24--ClientSession(1867192428)--Connection(1643329543)--Thread(Thread[Test worker,5,main])--UPDATE ast_CoreContacts_T SET age = ?, approximateDOB = ?, dateofbirth = ?, emailId = ?, firstName = ?, lastName = ?, middleName = ?, nativeFirstName = ?, nativeLastName = ?, nativeMiddleName = ?, nativeTitle = ?, phoneNumber = ?, versionId = ? WHERE ((contactId = ?) AND (versionId = ?))
	bind => [76, 2016-06-22 05:02:13.438, 2016-06-22 05:02:13.724, rXgb7eKsy0DrL4rKDq3N4CPKINdQCYtzY5G5IHyufw6NAfbqVv, gIAAyX9g2dVpZ39TSTmm8R3GJ8MzH9QSSbwwgSX1qgYu0TOWJR, 56FR65pnMEos0znRSiwbQJqz0ReeIlN0qp7nT9yy3VVuQX1HSJ, gUosruwDopNCRfQrgWPnNlt9x3MKwBlECvrecTcNsG8RooyL4A, 8LMcKr6uzi9hbXsYMNpg65qohaVkA5TH0jnWWWfLw2jwy9uY8g, Fi03AplnKViM9AKU7cWwjDCT0JmMffkZqH530lw7Yp6EZca8WW, xZu3T3p6C4i2FyqtDRX5OxKMWITVq3J1MoTT0sNM09NCnVTs1s, o0JwhWmMdRYrzEH3LfKZfl9dCT8lUSsAP7C9OAbWk1ThmTS7aB, MivQbVqDxox9DW5oL6yG, 2, 56A9370A-FC75-444E-BA9E-FC4E04394C77, 1]
[EL Finer]: transaction: 2016-06-22 05:12:24.241--ClientSession(1867192428)--Connection(1643329543)--Thread(Thread[Test worker,5,main])--commit transaction
[EL Finest]: connection: 2016-06-22 05:12:24.243--ServerSession(513126071)--Connection(36052358)--Thread(Thread[Test worker,5,main])--Connection released to connection pool [default].
[EL Finer]: transaction: 2016-06-22 05:12:24.243--UnitOfWork(724603785)--Thread(Thread[Test worker,5,main])--end unit of work commit
[EL Finer]: transaction: 2016-06-22 05:12:24.243--UnitOfWork(724603785)--Thread(Thread[Test worker,5,main])--resume unit of work
[EL Finer]: transaction: 2016-06-22 05:12:24.244--UnitOfWork(724603785)--Thread(Thread[Test worker,5,main])--release unit of work
[EL Finer]: connection: 2016-06-22 05:12:24.244--ClientSession(1867192428)--Thread(Thread[Test worker,5,main])--client released
[EL Finer]: connection: 2016-06-22 05:12:24.249--ServerSession(513126071)--Thread(Thread[Test worker,5,main])--client acquired: 2098012275
[EL Finer]: transaction: 2016-06-22 05:12:24.249--ClientSession(2098012275)--Thread(Thread[Test worker,5,main])--acquire unit of work: 1758305832
[EL Finest]: connection: 2016-06-22 05:12:24.249--ServerSession(513126071)--Connection(323652057)--Thread(Thread[Test worker,5,main])--Connection acquired from connection pool [default].
[EL Finer]: transaction: 2016-06-22 05:12:24.249--ClientSession(2098012275)--Connection(323652057)--Thread(Thread[Test worker,5,main])--begin transaction
[EL Finest]: connection: 2016-06-22 05:12:24.249--ClientSession(2098012275)--Thread(Thread[Test worker,5,main])--reconnecting to external connection pool
[EL Finer]: transaction: 2016-06-22 05:12:24.25--UnitOfWork(1758305832)--Thread(Thread[Test worker,5,main])--begin unit of work flush
[EL Finer]: transaction: 2016-06-22 05:12:24.25--UnitOfWork(1758305832)--Thread(Thread[Test worker,5,main])--end unit of work flush
[EL Finest]: query: 2016-06-22 05:12:24.25--UnitOfWork(1758305832)--Thread(Thread[Test worker,5,main])--Execute query ReadAllQuery(name="CoreContacts.findById" referenceClass=CoreContacts sql="SELECT contactId, age, approximateDOB, dateofbirth, emailId, firstName, genderId, lastName, middleName, nativeFirstName, nativeLanguageCode, nativeLastName, nativeMiddleName, nativeTitle, phoneNumber, titleId, versionId, createdBy, createdDate, updatedBy, updatedDate, activeStatus, txnAccessCode, timeZoneId FROM ast_CoreContacts_T WHERE ((activeStatus = ?) AND (contactId = ?))")
[EL Fine]: sql: 2016-06-22 05:12:24.25--ClientSession(2098012275)--Connection(1515620868)--Thread(Thread[Test worker,5,main])--SELECT contactId, age, approximateDOB, dateofbirth, emailId, firstName, genderId, lastName, middleName, nativeFirstName, nativeLanguageCode, nativeLastName, nativeMiddleName, nativeTitle, phoneNumber, titleId, versionId, createdBy, createdDate, updatedBy, updatedDate, activeStatus, txnAccessCode, timeZoneId FROM ast_CoreContacts_T WHERE ((activeStatus = ?) AND (contactId = ?))
	bind => [1, 56A9370A-FC75-444E-BA9E-FC4E04394C77]
[EL Finest]: query: 2016-06-22 05:12:24.251--UnitOfWork(1758305832)--Thread(Thread[Test worker,5,main])--Execute query ReadObjectQuery(name="timezone" referenceClass=Timezone )
[EL Fine]: sql: 2016-06-22 05:12:24.251--ClientSession(2098012275)--Connection(1515620868)--Thread(Thread[Test worker,5,main])--SELECT timeZoneId, cities, country, gmtLabel, timeZoneLabel, utcdifference, versionId, createdBy, createdDate, updatedBy, updatedDate, activeStatus, txnAccessCode FROM ast_Timezone_M WHERE (timeZoneId = ?)
	bind => [1E2B3023-2C11-44E9-A3E5-7128D709EC23]
[EL Finer]: transaction: 2016-06-22 05:12:24.252--UnitOfWork(1758305832)--Thread(Thread[Test worker,5,main])--begin unit of work commit
[EL Finer]: transaction: 2016-06-22 05:12:24.253--ClientSession(2098012275)--Connection(1515620868)--Thread(Thread[Test worker,5,main])--commit transaction
[EL Finest]: connection: 2016-06-22 05:12:24.253--ServerSession(513126071)--Connection(323652057)--Thread(Thread[Test worker,5,main])--Connection released to connection pool [default].
[EL Finer]: transaction: 2016-06-22 05:12:24.253--UnitOfWork(1758305832)--Thread(Thread[Test worker,5,main])--end unit of work commit
[EL Finer]: transaction: 2016-06-22 05:12:24.253--UnitOfWork(1758305832)--Thread(Thread[Test worker,5,main])--resume unit of work
[EL Finer]: transaction: 2016-06-22 05:12:24.253--UnitOfWork(1758305832)--Thread(Thread[Test worker,5,main])--release unit of work
[EL Finer]: connection: 2016-06-22 05:12:24.253--ClientSession(2098012275)--Thread(Thread[Test worker,5,main])--client released
[EL Finer]: connection: 2016-06-22 05:12:24.258--ServerSession(513126071)--Thread(Thread[Test worker,5,main])--client acquired: 2116489266
[EL Finer]: transaction: 2016-06-22 05:12:24.258--ClientSession(2116489266)--Thread(Thread[Test worker,5,main])--acquire unit of work: 915964754
[EL Finest]: connection: 2016-06-22 05:12:24.258--ServerSession(513126071)--Connection(1456838782)--Thread(Thread[Test worker,5,main])--Connection acquired from connection pool [default].
[EL Finer]: transaction: 2016-06-22 05:12:24.258--ClientSession(2116489266)--Connection(1456838782)--Thread(Thread[Test worker,5,main])--begin transaction
[EL Finest]: connection: 2016-06-22 05:12:24.258--ClientSession(2116489266)--Thread(Thread[Test worker,5,main])--reconnecting to external connection pool
[EL Finer]: transaction: 2016-06-22 05:12:24.259--UnitOfWork(915964754)--Thread(Thread[Test worker,5,main])--begin unit of work flush
[EL Finer]: transaction: 2016-06-22 05:12:24.259--UnitOfWork(915964754)--Thread(Thread[Test worker,5,main])--end unit of work flush
[EL Finest]: query: 2016-06-22 05:12:24.259--UnitOfWork(915964754)--Thread(Thread[Test worker,5,main])--Execute query ReadAllQuery(name="CoreContacts.findByGenderId" referenceClass=CoreContacts sql="SELECT contactId, age, approximateDOB, dateofbirth, emailId, firstName, genderId, lastName, middleName, nativeFirstName, nativeLanguageCode, nativeLastName, nativeMiddleName, nativeTitle, phoneNumber, titleId, versionId, createdBy, createdDate, updatedBy, updatedDate, activeStatus, txnAccessCode, timeZoneId FROM ast_CoreContacts_T WHERE ((activeStatus = ?) AND (genderId = ?))")
[EL Fine]: sql: 2016-06-22 05:12:24.259--ClientSession(2116489266)--Connection(1791726672)--Thread(Thread[Test worker,5,main])--SELECT contactId, age, approximateDOB, dateofbirth, emailId, firstName, genderId, lastName, middleName, nativeFirstName, nativeLanguageCode, nativeLastName, nativeMiddleName, nativeTitle, phoneNumber, titleId, versionId, createdBy, createdDate, updatedBy, updatedDate, activeStatus, txnAccessCode, timeZoneId FROM ast_CoreContacts_T WHERE ((activeStatus = ?) AND (genderId = ?))
	bind => [1, 219687DA-0F3F-4B5E-B653-2D4ECEAE7692]
[EL Finest]: query: 2016-06-22 05:12:24.26--UnitOfWork(915964754)--Thread(Thread[Test worker,5,main])--Execute query ReadObjectQuery(name="timezone" referenceClass=Timezone )
[EL Fine]: sql: 2016-06-22 05:12:24.261--ClientSession(2116489266)--Connection(1791726672)--Thread(Thread[Test worker,5,main])--SELECT timeZoneId, cities, country, gmtLabel, timeZoneLabel, utcdifference, versionId, createdBy, createdDate, updatedBy, updatedDate, activeStatus, txnAccessCode FROM ast_Timezone_M WHERE (timeZoneId = ?)
	bind => [1E2B3023-2C11-44E9-A3E5-7128D709EC23]
[EL Finer]: transaction: 2016-06-22 05:12:24.262--UnitOfWork(915964754)--Thread(Thread[Test worker,5,main])--begin unit of work commit
[EL Finer]: transaction: 2016-06-22 05:12:24.262--ClientSession(2116489266)--Connection(1791726672)--Thread(Thread[Test worker,5,main])--commit transaction
[EL Finest]: connection: 2016-06-22 05:12:24.262--ServerSession(513126071)--Connection(1456838782)--Thread(Thread[Test worker,5,main])--Connection released to connection pool [default].
[EL Finer]: transaction: 2016-06-22 05:12:24.262--UnitOfWork(915964754)--Thread(Thread[Test worker,5,main])--end unit of work commit
[EL Finer]: transaction: 2016-06-22 05:12:24.262--UnitOfWork(915964754)--Thread(Thread[Test worker,5,main])--resume unit of work
[EL Finer]: transaction: 2016-06-22 05:12:24.263--UnitOfWork(915964754)--Thread(Thread[Test worker,5,main])--release unit of work
[EL Finer]: connection: 2016-06-22 05:12:24.263--ClientSession(2116489266)--Thread(Thread[Test worker,5,main])--client released
[EL Finer]: connection: 2016-06-22 05:12:24.267--ServerSession(513126071)--Thread(Thread[Test worker,5,main])--client acquired: 1335656131
[EL Finer]: transaction: 2016-06-22 05:12:24.267--ClientSession(1335656131)--Thread(Thread[Test worker,5,main])--acquire unit of work: 726031626
[EL Finest]: connection: 2016-06-22 05:12:24.267--ServerSession(513126071)--Connection(411455928)--Thread(Thread[Test worker,5,main])--Connection acquired from connection pool [default].
[EL Finer]: transaction: 2016-06-22 05:12:24.267--ClientSession(1335656131)--Connection(411455928)--Thread(Thread[Test worker,5,main])--begin transaction
[EL Finest]: connection: 2016-06-22 05:12:24.268--ClientSession(1335656131)--Thread(Thread[Test worker,5,main])--reconnecting to external connection pool
[EL Finer]: transaction: 2016-06-22 05:12:24.268--UnitOfWork(726031626)--Thread(Thread[Test worker,5,main])--begin unit of work flush
[EL Finer]: transaction: 2016-06-22 05:12:24.268--UnitOfWork(726031626)--Thread(Thread[Test worker,5,main])--end unit of work flush
[EL Finest]: query: 2016-06-22 05:12:24.269--UnitOfWork(726031626)--Thread(Thread[Test worker,5,main])--Execute query ReadAllQuery(name="CoreContacts.findByNativeLanguageCode" referenceClass=CoreContacts sql="SELECT contactId, age, approximateDOB, dateofbirth, emailId, firstName, genderId, lastName, middleName, nativeFirstName, nativeLanguageCode, nativeLastName, nativeMiddleName, nativeTitle, phoneNumber, titleId, versionId, createdBy, createdDate, updatedBy, updatedDate, activeStatus, txnAccessCode, timeZoneId FROM ast_CoreContacts_T WHERE ((activeStatus = ?) AND (nativeLanguageCode = ?))")
[EL Fine]: sql: 2016-06-22 05:12:24.269--ClientSession(1335656131)--Connection(832393705)--Thread(Thread[Test worker,5,main])--SELECT contactId, age, approximateDOB, dateofbirth, emailId, firstName, genderId, lastName, middleName, nativeFirstName, nativeLanguageCode, nativeLastName, nativeMiddleName, nativeTitle, phoneNumber, titleId, versionId, createdBy, createdDate, updatedBy, updatedDate, activeStatus, txnAccessCode, timeZoneId FROM ast_CoreContacts_T WHERE ((activeStatus = ?) AND (nativeLanguageCode = ?))
	bind => [1, 3547A6C4-10F9-46DA-B997-ED1E39D3073A]
[EL Finest]: query: 2016-06-22 05:12:24.27--UnitOfWork(726031626)--Thread(Thread[Test worker,5,main])--Execute query ReadObjectQuery(name="timezone" referenceClass=Timezone )
[EL Fine]: sql: 2016-06-22 05:12:24.27--ClientSession(1335656131)--Connection(832393705)--Thread(Thread[Test worker,5,main])--SELECT timeZoneId, cities, country, gmtLabel, timeZoneLabel, utcdifference, versionId, createdBy, createdDate, updatedBy, updatedDate, activeStatus, txnAccessCode FROM ast_Timezone_M WHERE (timeZoneId = ?)
	bind => [1E2B3023-2C11-44E9-A3E5-7128D709EC23]
[EL Finer]: transaction: 2016-06-22 05:12:24.271--UnitOfWork(726031626)--Thread(Thread[Test worker,5,main])--begin unit of work commit
[EL Finer]: transaction: 2016-06-22 05:12:24.271--ClientSession(1335656131)--Connection(832393705)--Thread(Thread[Test worker,5,main])--commit transaction
[EL Finest]: connection: 2016-06-22 05:12:24.272--ServerSession(513126071)--Connection(411455928)--Thread(Thread[Test worker,5,main])--Connection released to connection pool [default].
[EL Finer]: transaction: 2016-06-22 05:12:24.272--UnitOfWork(726031626)--Thread(Thread[Test worker,5,main])--end unit of work commit
[EL Finer]: transaction: 2016-06-22 05:12:24.272--UnitOfWork(726031626)--Thread(Thread[Test worker,5,main])--resume unit of work
[EL Finer]: transaction: 2016-06-22 05:12:24.272--UnitOfWork(726031626)--Thread(Thread[Test worker,5,main])--release unit of work
[EL Finer]: connection: 2016-06-22 05:12:24.272--ClientSession(1335656131)--Thread(Thread[Test worker,5,main])--client released
[EL Finer]: connection: 2016-06-22 05:12:24.276--ServerSession(513126071)--Thread(Thread[Test worker,5,main])--client acquired: 138446656
[EL Finer]: transaction: 2016-06-22 05:12:24.276--ClientSession(138446656)--Thread(Thread[Test worker,5,main])--acquire unit of work: 1148157691
[EL Finest]: connection: 2016-06-22 05:12:24.277--ServerSession(513126071)--Connection(1945744342)--Thread(Thread[Test worker,5,main])--Connection acquired from connection pool [default].
[EL Finer]: transaction: 2016-06-22 05:12:24.277--ClientSession(138446656)--Connection(1945744342)--Thread(Thread[Test worker,5,main])--begin transaction
[EL Finest]: connection: 2016-06-22 05:12:24.277--ClientSession(138446656)--Thread(Thread[Test worker,5,main])--reconnecting to external connection pool
[EL Finer]: transaction: 2016-06-22 05:12:24.278--UnitOfWork(1148157691)--Thread(Thread[Test worker,5,main])--begin unit of work flush
[EL Finer]: transaction: 2016-06-22 05:12:24.278--UnitOfWork(1148157691)--Thread(Thread[Test worker,5,main])--end unit of work flush
[EL Finest]: query: 2016-06-22 05:12:24.278--UnitOfWork(1148157691)--Thread(Thread[Test worker,5,main])--Execute query ReadAllQuery(name="CoreContacts.findByTitleId" referenceClass=CoreContacts sql="SELECT contactId, age, approximateDOB, dateofbirth, emailId, firstName, genderId, lastName, middleName, nativeFirstName, nativeLanguageCode, nativeLastName, nativeMiddleName, nativeTitle, phoneNumber, titleId, versionId, createdBy, createdDate, updatedBy, updatedDate, activeStatus, txnAccessCode, timeZoneId FROM ast_CoreContacts_T WHERE ((activeStatus = ?) AND (titleId = ?))")
[EL Fine]: sql: 2016-06-22 05:12:24.278--ClientSession(138446656)--Connection(200552281)--Thread(Thread[Test worker,5,main])--SELECT contactId, age, approximateDOB, dateofbirth, emailId, firstName, genderId, lastName, middleName, nativeFirstName, nativeLanguageCode, nativeLastName, nativeMiddleName, nativeTitle, phoneNumber, titleId, versionId, createdBy, createdDate, updatedBy, updatedDate, activeStatus, txnAccessCode, timeZoneId FROM ast_CoreContacts_T WHERE ((activeStatus = ?) AND (titleId = ?))
	bind => [1, 1801B132-AF31-4374-8B28-76259286F0C0]
[EL Finest]: query: 2016-06-22 05:12:24.279--UnitOfWork(1148157691)--Thread(Thread[Test worker,5,main])--Execute query ReadObjectQuery(name="timezone" referenceClass=Timezone )
[EL Fine]: sql: 2016-06-22 05:12:24.279--ClientSession(138446656)--Connection(200552281)--Thread(Thread[Test worker,5,main])--SELECT timeZoneId, cities, country, gmtLabel, timeZoneLabel, utcdifference, versionId, createdBy, createdDate, updatedBy, updatedDate, activeStatus, txnAccessCode FROM ast_Timezone_M WHERE (timeZoneId = ?)
	bind => [1E2B3023-2C11-44E9-A3E5-7128D709EC23]
[EL Finer]: transaction: 2016-06-22 05:12:24.28--UnitOfWork(1148157691)--Thread(Thread[Test worker,5,main])--begin unit of work commit
[EL Finer]: transaction: 2016-06-22 05:12:24.28--ClientSession(138446656)--Connection(200552281)--Thread(Thread[Test worker,5,main])--commit transaction
[EL Finest]: connection: 2016-06-22 05:12:24.281--ServerSession(513126071)--Connection(1945744342)--Thread(Thread[Test worker,5,main])--Connection released to connection pool [default].
[EL Finer]: transaction: 2016-06-22 05:12:24.281--UnitOfWork(1148157691)--Thread(Thread[Test worker,5,main])--end unit of work commit
[EL Finer]: transaction: 2016-06-22 05:12:24.281--UnitOfWork(1148157691)--Thread(Thread[Test worker,5,main])--resume unit of work
[EL Finer]: transaction: 2016-06-22 05:12:24.281--UnitOfWork(1148157691)--Thread(Thread[Test worker,5,main])--release unit of work
[EL Finer]: connection: 2016-06-22 05:12:24.281--ClientSession(138446656)--Thread(Thread[Test worker,5,main])--client released
[EL Finer]: connection: 2016-06-22 05:12:24.345--ServerSession(513126071)--Thread(Thread[Test worker,5,main])--client acquired: 930076268
[EL Finer]: transaction: 2016-06-22 05:12:24.345--ClientSession(930076268)--Thread(Thread[Test worker,5,main])--acquire unit of work: 258369763
[EL Finest]: connection: 2016-06-22 05:12:24.346--ServerSession(513126071)--Connection(208672507)--Thread(Thread[Test worker,5,main])--Connection acquired from connection pool [default].
[EL Finer]: transaction: 2016-06-22 05:12:24.346--ClientSession(930076268)--Connection(208672507)--Thread(Thread[Test worker,5,main])--begin transaction
[EL Finest]: connection: 2016-06-22 05:12:24.346--ClientSession(930076268)--Thread(Thread[Test worker,5,main])--reconnecting to external connection pool
[EL Finest]: query: 2016-06-22 05:12:24.347--UnitOfWork(258369763)--Thread(Thread[Test worker,5,main])--Execute query ReadObjectQuery(name="readCoreContacts" referenceClass=CoreContacts sql="SELECT contactId, age, approximateDOB, dateofbirth, emailId, firstName, genderId, lastName, middleName, nativeFirstName, nativeLanguageCode, nativeLastName, nativeMiddleName, nativeTitle, phoneNumber, titleId, versionId, createdBy, createdDate, updatedBy, updatedDate, activeStatus, txnAccessCode, timeZoneId FROM ast_CoreContacts_T WHERE (contactId = ?)")
[EL Fine]: sql: 2016-06-22 05:12:24.347--ClientSession(930076268)--Connection(36656203)--Thread(Thread[Test worker,5,main])--SELECT contactId, age, approximateDOB, dateofbirth, emailId, firstName, genderId, lastName, middleName, nativeFirstName, nativeLanguageCode, nativeLastName, nativeMiddleName, nativeTitle, phoneNumber, titleId, versionId, createdBy, createdDate, updatedBy, updatedDate, activeStatus, txnAccessCode, timeZoneId FROM ast_CoreContacts_T WHERE (contactId = ?)
	bind => [56A9370A-FC75-444E-BA9E-FC4E04394C77]
[EL Finest]: query: 2016-06-22 05:12:24.348--UnitOfWork(258369763)--Thread(Thread[Test worker,5,main])--Execute query ReadObjectQuery(name="timezone" referenceClass=Timezone )
[EL Fine]: sql: 2016-06-22 05:12:24.348--ClientSession(930076268)--Connection(36656203)--Thread(Thread[Test worker,5,main])--SELECT timeZoneId, cities, country, gmtLabel, timeZoneLabel, utcdifference, versionId, createdBy, createdDate, updatedBy, updatedDate, activeStatus, txnAccessCode FROM ast_Timezone_M WHERE (timeZoneId = ?)
	bind => [1E2B3023-2C11-44E9-A3E5-7128D709EC23]
[EL Finest]: transaction: 2016-06-22 05:12:24.349--UnitOfWork(258369763)--Thread(Thread[Test worker,5,main])--remove() operation called on: gIAAyX9g2dVpZ39TSTmm8R3GJ8MzH9QSSbwwgSX1qgYu0TOWJR,gUosruwDopNCRfQrgWPnNlt9x3MKwBlECvrecTcNsG8RooyL4A,56FR65pnMEos0znRSiwbQJqz0ReeIlN0qp7nT9yy3VVuQX1HSJ,rXgb7eKsy0DrL4rKDq3N4CPKINdQCYtzY5G5IHyufw6NAfbqVv,MivQbVqDxox9DW5oL6yG
[EL Finest]: query: 2016-06-22 05:12:24.349--UnitOfWork(258369763)--Thread(Thread[Test worker,5,main])--Execute query ReadAllQuery(name="address" referenceClass=Address sql="SELECT t1.addressId, t1.address1, t1.address2, t1.address3, t1.addressLabel, t1.addressTypeId, t1.cityId, t1.countryId, t1.latitude, t1.longitude, t1.stateId, t1.versionId, t1.zipcode, t1.createdBy, t1.createdDate, t1.updatedBy, t1.updatedDate, t1.activeStatus, t1.txnAccessCode FROM ast_AddressMap_B t0, ast_Address_T t1 WHERE ((t0.contactId = ?) AND (t1.addressId = t0.addressId))")
[EL Fine]: sql: 2016-06-22 05:12:24.349--ClientSession(930076268)--Connection(36656203)--Thread(Thread[Test worker,5,main])--SELECT t1.addressId, t1.address1, t1.address2, t1.address3, t1.addressLabel, t1.addressTypeId, t1.cityId, t1.countryId, t1.latitude, t1.longitude, t1.stateId, t1.versionId, t1.zipcode, t1.createdBy, t1.createdDate, t1.updatedBy, t1.updatedDate, t1.activeStatus, t1.txnAccessCode FROM ast_AddressMap_B t0, ast_Address_T t1 WHERE ((t0.contactId = ?) AND (t1.addressId = t0.addressId))
	bind => [56A9370A-FC75-444E-BA9E-FC4E04394C77]
[EL Finest]: transaction: 2016-06-22 05:12:24.35--UnitOfWork(258369763)--Thread(Thread[Test worker,5,main])--remove() operation called on: CCIqFN
[EL Finest]: query: 2016-06-22 05:12:24.35--UnitOfWork(258369763)--Thread(Thread[Test worker,5,main])--Execute query ReadAllQuery(name="communicationData" referenceClass=CommunicationData sql="SELECT t1.commDataId, t1.commData, t1.commGroupId, t1.commType, t1.versionId, t1.createdBy, t1.createdDate, t1.updatedBy, t1.updatedDate, t1.activeStatus, t1.txnAccessCode FROM ast_CommunicationMap_B t0, ast_CommunicationData_TP t1 WHERE ((t0.contactId = ?) AND (t1.commDataId = t0.commDataId))")
[EL Fine]: sql: 2016-06-22 05:12:24.351--ClientSession(930076268)--Connection(36656203)--Thread(Thread[Test worker,5,main])--SELECT t1.commDataId, t1.commData, t1.commGroupId, t1.commType, t1.versionId, t1.createdBy, t1.createdDate, t1.updatedBy, t1.updatedDate, t1.activeStatus, t1.txnAccessCode FROM ast_CommunicationMap_B t0, ast_CommunicationData_TP t1 WHERE ((t0.contactId = ?) AND (t1.commDataId = t0.commDataId))
	bind => [56A9370A-FC75-444E-BA9E-FC4E04394C77]
[EL Finest]: transaction: 2016-06-22 05:12:24.352--UnitOfWork(258369763)--Thread(Thread[Test worker,5,main])--remove() operation called on: RThWgwNH1v
[EL Finer]: transaction: 2016-06-22 05:12:24.352--UnitOfWork(258369763)--Thread(Thread[Test worker,5,main])--begin unit of work commit
[EL Finest]: query: 2016-06-22 05:12:24.352--UnitOfWork(258369763)--Thread(Thread[Test worker,5,main])--Execute query DoesExistQuery(referenceClass=CommunicationData )
[EL Finest]: query: 2016-06-22 05:12:24.352--UnitOfWork(258369763)--Thread(Thread[Test worker,5,main])--Execute query DoesExistQuery(referenceClass=CoreContacts )
[EL Finest]: query: 2016-06-22 05:12:24.353--UnitOfWork(258369763)--Thread(Thread[Test worker,5,main])--Execute query DoesExistQuery(referenceClass=Address )
[EL Finest]: query: 2016-06-22 05:12:24.353--UnitOfWork(258369763)--Thread(Thread[Test worker,5,main])--Execute query DataModifyQuery(name="address" sql="DELETE FROM ast_AddressMap_B WHERE (contactId = ?)")
[EL Fine]: sql: 2016-06-22 05:12:24.353--ClientSession(930076268)--Connection(36656203)--Thread(Thread[Test worker,5,main])--DELETE FROM ast_AddressMap_B WHERE (contactId = ?)
	bind => [56A9370A-FC75-444E-BA9E-FC4E04394C77]
[EL Finest]: query: 2016-06-22 05:12:24.354--UnitOfWork(258369763)--Thread(Thread[Test worker,5,main])--Execute query DataModifyQuery(name="communicationData" sql="DELETE FROM ast_CommunicationMap_B WHERE (contactId = ?)")
[...]
	at org.gradle.messaging.dispatch.ReflectionDispatch.dispatch(ReflectionDispatch.java:24)
	at org.gradle.messaging.remote.internal.hub.MessageHub$Handler.run(MessageHub.java:360)
	at org.gradle.internal.concurrent.DefaultExecutorFactory$StoppableExecutorImpl$1.run(DefaultExecutorFactory.java:64)
	at java.util.concurrent.ThreadPoolExecutor.runWorker(ThreadPoolExecutor.java:1145)
	at java.util.concurrent.ThreadPoolExecutor$Worker.run(ThreadPoolExecutor.java:615)
	at java.lang.Thread.run(Thread.java:745)
CoreContacts.emailId may not be null
java.lang.SecurityException: CoreContacts.emailId may not be null
	at com.athena.server.pluggable.utils.helper.EntityValidatorHelper.validateEntity(EntityValidatorHelper.java:37)
	at com.app.shared.organization.contactmanagement.CoreContacts.isValid(CoreContacts.java:475)
	at com.app.server.service.organization.contactmanagement.CoreContactsTestCase.validateCoreContacts(CoreContactsTestCase.java:455)
	at com.app.server.service.organization.contactmanagement.CoreContactsTestCase.test5NegativeTesting(CoreContactsTestCase.java:550)
	at sun.reflect.NativeMethodAccessorImpl.invoke0(Native Method)
	at sun.reflect.NativeMethodAccessorImpl.invoke(NativeMethodAccessorImpl.java:57)
	at sun.reflect.DelegatingMethodAccessorImpl.invoke(DelegatingMethodAccessorImpl.java:43)
	at java.lang.reflect.Method.invoke(Method.java:606)
	at org.junit.runners.model.FrameworkMethod$1.runReflectiveCall(FrameworkMethod.java:47)
	at org.junit.internal.runners.model.ReflectiveCallable.run(ReflectiveCallable.java:12)
	at org.junit.runners.model.FrameworkMethod.invokeExplosively(FrameworkMethod.java:44)
	at org.junit.internal.runners.statements.InvokeMethod.evaluate(InvokeMethod.java:17)
	at org.junit.internal.runners.statements.RunBefores.evaluate(RunBefores.java:26)
	at org.springframework.test.context.junit4.statements.RunBeforeTestMethodCallbacks.evaluate(RunBeforeTestMethodCallbacks.java:74)
	at org.junit.internal.runners.statements.RunAfters.evaluate(RunAfters.java:27)
	at org.springframework.test.context.junit4.statements.RunAfterTestMethodCallbacks.evaluate(RunAfterTestMethodCallbacks.java:83)
	at org.springframework.test.context.junit4.statements.SpringRepeat.evaluate(SpringRepeat.java:72)
	at org.springframework.test.context.junit4.SpringJUnit4ClassRunner.runChild(SpringJUnit4ClassRunner.java:233)
	at org.springframework.test.context.junit4.SpringJUnit4ClassRunner.runChild(SpringJUnit4ClassRunner.java:87)
	at org.junit.runners.ParentRunner$3.run(ParentRunner.java:238)
	at org.junit.runners.ParentRunner$1.schedule(ParentRunner.java:63)
	at org.junit.runners.ParentRunner.runChildren(ParentRunner.java:236)
	at org.junit.runners.ParentRunner.access$000(ParentRunner.java:53)
	at org.junit.runners.ParentRunner$2.evaluate(ParentRunner.java:229)
	at org.junit.internal.runners.statements.RunBefores.evaluate(RunBefores.java:26)
	at org.springframework.test.context.junit4.statements.RunBeforeTestClassCallbacks.evaluate(RunBeforeTestClassCallbacks.java:61)
	at org.springframework.test.context.junit4.statements.RunAfterTestClassCallbacks.evaluate(RunAfterTestClassCallbacks.java:71)
	at org.junit.runners.ParentRunner.run(ParentRunner.java:309)
	at org.springframework.test.context.junit4.SpringJUnit4ClassRunner.run(SpringJUnit4ClassRunner.java:176)
	at org.gradle.api.internal.tasks.testing.junit.JUnitTestClassExecuter.runTestClass(JUnitTestClassExecuter.java:86)
	at org.gradle.api.internal.tasks.testing.junit.JUnitTestClassExecuter.execute(JUnitTestClassExecuter.java:49)
	at org.gradle.api.internal.tasks.testing.junit.JUnitTestClassProcessor.processTestClass(JUnitTestClassProcessor.java:64)
	at org.gradle.api.internal.tasks.testing.SuiteTestClassProcessor.processTestClass(SuiteTestClassProcessor.java:50)
	at sun.reflect.GeneratedMethodAccessor109.invoke(Unknown Source)
	at sun.reflect.DelegatingMethodAccessorImpl.invoke(DelegatingMethodAccessorImpl.java:43)
	at java.lang.reflect.Method.invoke(Method.java:606)
	at org.gradle.messaging.dispatch.ReflectionDispatch.dispatch(ReflectionDispatch.java:35)
	at org.gradle.messaging.dispatch.ReflectionDispatch.dispatch(ReflectionDispatch.java:24)
	at org.gradle.messaging.dispatch.ContextClassLoaderDispatch.dispatch(ContextClassLoaderDispatch.java:32)
	at org.gradle.messaging.dispatch.ProxyDispatchAdapter$DispatchingInvocationHandler.invoke(ProxyDispatchAdapter.java:93)
	at com.sun.proxy.$Proxy2.processTestClass(Unknown Source)
	at org.gradle.api.internal.tasks.testing.worker.TestWorker.processTestClass(TestWorker.java:106)
	at sun.reflect.GeneratedMethodAccessor108.invoke(Unknown Source)
	at sun.reflect.DelegatingMethodAccessorImpl.invoke(DelegatingMethodAccessorImpl.java:43)
	at java.lang.reflect.Method.invoke(Method.java:606)
	at org.gradle.messaging.dispatch.ReflectionDispatch.dispatch(ReflectionDispatch.java:35)
	at org.gradle.messaging.dispatch.ReflectionDispatch.dispatch(ReflectionDispatch.java:24)
	at org.gradle.messaging.remote.internal.hub.MessageHub$Handler.run(MessageHub.java:360)
	at org.gradle.internal.concurrent.DefaultExecutorFactory$StoppableExecutorImpl$1.run(DefaultExecutorFactory.java:64)
	at java.util.concurrent.ThreadPoolExecutor.runWorker(ThreadPoolExecutor.java:1145)
	at java.util.concurrent.ThreadPoolExecutor$Worker.run(ThreadPoolExecutor.java:615)
	at java.lang.Thread.run(Thread.java:745)
CoreContacts.emailId size must be between 0 and 256
java.lang.SecurityException: CoreContacts.emailId size must be between 0 and 256
	at com.athena.server.pluggable.utils.helper.EntityValidatorHelper.validateEntity(EntityValidatorHelper.java:37)
	at com.app.shared.organization.contactmanagement.CoreContacts.isValid(CoreContacts.java:475)
	at com.app.server.service.organization.contactmanagement.CoreContactsTestCase.validateCoreContacts(CoreContactsTestCase.java:453)
	at com.app.server.service.organization.contactmanagement.CoreContactsTestCase.test5NegativeTesting(CoreContactsTestCase.java:555)
	at sun.reflect.NativeMethodAccessorImpl.invoke0(Native Method)
	at sun.reflect.NativeMethodAccessorImpl.invoke(NativeMethodAccessorImpl.java:57)
	at sun.reflect.DelegatingMethodAccessorImpl.invoke(DelegatingMethodAccessorImpl.java:43)
	at java.lang.reflect.Method.invoke(Method.java:606)
	at org.junit.runners.model.FrameworkMethod$1.runReflectiveCall(FrameworkMethod.java:47)
	at org.junit.internal.runners.model.ReflectiveCallable.run(ReflectiveCallable.java:12)
	at org.junit.runners.model.FrameworkMethod.invokeExplosively(FrameworkMethod.java:44)
	at org.junit.internal.runners.statements.InvokeMethod.evaluate(InvokeMethod.java:17)
	at org.junit.internal.runners.statements.RunBefores.evaluate(RunBefores.java:26)
	at org.springframework.test.context.junit4.statements.RunBeforeTestMethodCallbacks.evaluate(RunBeforeTestMethodCallbacks.java:74)
	at org.junit.internal.runners.statements.RunAfters.evaluate(RunAfters.java:27)
	at org.springframework.test.context.junit4.statements.RunAfterTestMethodCallbacks.evaluate(RunAfterTestMethodCallbacks.java:83)
	at org.springframework.test.context.junit4.statements.SpringRepeat.evaluate(SpringRepeat.java:72)
	at org.springframework.test.context.junit4.SpringJUnit4ClassRunner.runChild(SpringJUnit4ClassRunner.java:233)
	at org.springframework.test.context.junit4.SpringJUnit4ClassRunner.runChild(SpringJUnit4ClassRunner.java:87)
	at org.junit.runners.ParentRunner$3.run(ParentRunner.java:238)
	at org.junit.runners.ParentRunner$1.schedule(ParentRunner.java:63)
	at org.junit.runners.ParentRunner.runChildren(ParentRunner.java:236)
	at org.junit.runners.ParentRunner.access$000(ParentRunner.java:53)
	at org.junit.runners.ParentRunner$2.evaluate(ParentRunner.java:229)
	at org.junit.internal.runners.statements.RunBefores.evaluate(RunBefores.java:26)
	at org.springframework.test.context.junit4.statements.RunBeforeTestClassCallbacks.evaluate(RunBeforeTestClassCallbacks.java:61)
	at org.springframework.test.context.junit4.statements.RunAfterTestClassCallbacks.evaluate(RunAfterTestClassCallbacks.java:71)
	at org.junit.runners.ParentRunner.run(ParentRunner.java:309)
	at org.springframework.test.context.junit4.SpringJUnit4ClassRunner.run(SpringJUnit4ClassRunner.java:176)
	at org.gradle.api.internal.tasks.testing.junit.JUnitTestClassExecuter.runTestClass(JUnitTestClassExecuter.java:86)
	at org.gradle.api.internal.tasks.testing.junit.JUnitTestClassExecuter.execute(JUnitTestClassExecuter.java:49)
	at org.gradle.api.internal.tasks.testing.junit.JUnitTestClassProcessor.processTestClass(JUnitTestClassProcessor.java:64)
	at org.gradle.api.internal.tasks.testing.SuiteTestClassProcessor.processTestClass(SuiteTestClassProcessor.java:50)
	at sun.reflect.GeneratedMethodAccessor109.invoke(Unknown Source)
	at sun.reflect.DelegatingMethodAccessorImpl.invoke(DelegatingMethodAccessorImpl.java:43)
	at java.lang.reflect.Method.invoke(Method.java:606)
	at org.gradle.messaging.dispatch.ReflectionDispatch.dispatch(ReflectionDispatch.java:35)
	at org.gradle.messaging.dispatch.ReflectionDispatch.dispatch(ReflectionDispatch.java:24)
	at org.gradle.messaging.dispatch.ContextClassLoaderDispatch.dispatch(ContextClassLoaderDispatch.java:32)
	at org.gradle.messaging.dispatch.ProxyDispatchAdapter$DispatchingInvocationHandler.invoke(ProxyDispatchAdapter.java:93)
	at com.sun.proxy.$Proxy2.processTestClass(Unknown Source)
	at org.gradle.api.internal.tasks.testing.worker.TestWorker.processTestClass(TestWorker.java:106)
	at sun.reflect.GeneratedMethodAccessor108.invoke(Unknown Source)
	at sun.reflect.DelegatingMethodAccessorImpl.invoke(DelegatingMethodAccessorImpl.java:43)
	at java.lang.reflect.Method.invoke(Method.java:606)
	at org.gradle.messaging.dispatch.ReflectionDispatch.dispatch(ReflectionDispatch.java:35)
	at org.gradle.messaging.dispatch.ReflectionDispatch.dispatch(ReflectionDispatch.java:24)
	at org.gradle.messaging.remote.internal.hub.MessageHub$Handler.run(MessageHub.java:360)
	at org.gradle.internal.concurrent.DefaultExecutorFactory$StoppableExecutorImpl$1.run(DefaultExecutorFactory.java:64)
	at java.util.concurrent.ThreadPoolExecutor.runWorker(ThreadPoolExecutor.java:1145)
	at java.util.concurrent.ThreadPoolExecutor$Worker.run(ThreadPoolExecutor.java:615)
	at java.lang.Thread.run(Thread.java:745)
CoreContacts.phoneNumber may not be null
java.lang.SecurityException: CoreContacts.phoneNumber may not be null
	at com.athena.server.pluggable.utils.helper.EntityValidatorHelper.validateEntity(EntityValidatorHelper.java:37)
	at com.app.shared.organization.contactmanagement.CoreContacts.isValid(CoreContacts.java:475)
	at com.app.server.service.organization.contactmanagement.CoreContactsTestCase.validateCoreContacts(CoreContactsTestCase.java:455)
	at com.app.server.service.organization.contactmanagement.CoreContactsTestCase.test5NegativeTesting(CoreContactsTestCase.java:561)
	at sun.reflect.NativeMethodAccessorImpl.invoke0(Native Method)
	at sun.reflect.NativeMethodAccessorImpl.invoke(NativeMethodAccessorImpl.java:57)
	at sun.reflect.DelegatingMethodAccessorImpl.invoke(DelegatingMethodAccessorImpl.java:43)
	at java.lang.reflect.Method.invoke(Method.java:606)
	at org.junit.runners.model.FrameworkMethod$1.runReflectiveCall(FrameworkMethod.java:47)
	at org.junit.internal.runners.model.ReflectiveCallable.run(ReflectiveCallable.java:12)
	at org.junit.runners.model.FrameworkMethod.invokeExplosively(FrameworkMethod.java:44)
	at org.junit.internal.runners.statements.InvokeMethod.evaluate(InvokeMethod.java:17)
	at org.junit.internal.runners.statements.RunBefores.evaluate(RunBefores.java:26)
	at org.springframework.test.context.junit4.statements.RunBeforeTestMethodCallbacks.evaluate(RunBeforeTestMethodCallbacks.java:74)
	at org.junit.internal.runners.statements.RunAfters.evaluate(RunAfters.java:27)
	at org.springframework.test.context.junit4.statements.RunAfterTestMethodCallbacks.evaluate(RunAfterTestMethodCallbacks.java:83)
	at org.springframework.test.context.junit4.statements.SpringRepeat.evaluate(SpringRepeat.java:72)
	at org.springframework.test.context.junit4.SpringJUnit4ClassRunner.runChild(SpringJUnit4ClassRunner.java:233)
	at org.springframework.test.context.junit4.SpringJUnit4ClassRunner.runChild(SpringJUnit4ClassRunner.java:87)
	at org.junit.runners.ParentRunner$3.run(ParentRunner.java:238)
	at org.junit.runners.ParentRunner$1.schedule(ParentRunner.java:63)
	at org.junit.runners.ParentRunner.runChildren(ParentRunner.java:236)
	at org.junit.runners.ParentRunner.access$000(ParentRunner.java:53)
	at org.junit.runners.ParentRunner$2.evaluate(ParentRunner.java:229)
	at org.junit.internal.runners.statements.RunBefores.evaluate(RunBefores.java:26)
	at org.springframework.test.context.junit4.statements.RunBeforeTestClassCallbacks.evaluate(RunBeforeTestClassCallbacks.java:61)
	at org.springframework.test.context.junit4.statements.RunAfterTestClassCallbacks.evaluate(RunAfterTestClassCallbacks.java:71)
	at org.junit.runners.ParentRunner.run(ParentRunner.java:309)
	at org.springframework.test.context.junit4.SpringJUnit4ClassRunner.run(SpringJUnit4ClassRunner.java:176)
	at org.gradle.api.internal.tasks.testing.junit.JUnitTestClassExecuter.runTestClass(JUnitTestClassExecuter.java:86)
	at org.gradle.api.internal.tasks.testing.junit.JUnitTestClassExecuter.execute(JUnitTestClassExecuter.java:49)
	at org.gradle.api.internal.tasks.testing.junit.JUnitTestClassProcessor.processTestClass(JUnitTestClassProcessor.java:64)
	at org.gradle.api.internal.tasks.testing.SuiteTestClassProcessor.processTestClass(SuiteTestClassProcessor.java:50)
	at sun.reflect.GeneratedMethodAccessor109.invoke(Unknown Source)
	at sun.reflect.DelegatingMethodAccessorImpl.invoke(DelegatingMethodAccessorImpl.java:43)
	at java.lang.reflect.Method.invoke(Method.java:606)
	at org.gradle.messaging.dispatch.ReflectionDispatch.dispatch(ReflectionDispatch.java:35)
	at org.gradle.messaging.dispatch.ReflectionDispatch.dispatch(ReflectionDispatch.java:24)
	at org.gradle.messaging.dispatch.ContextClassLoaderDispatch.dispatch(ContextClassLoaderDispatch.java:32)
	at org.gradle.messaging.dispatch.ProxyDispatchAdapter$DispatchingInvocationHandler.invoke(ProxyDispatchAdapter.java:93)
	at com.sun.proxy.$Proxy2.processTestClass(Unknown Source)
	at org.gradle.api.internal.tasks.testing.worker.TestWorker.processTestClass(TestWorker.java:106)
	at sun.reflect.GeneratedMethodAccessor108.invoke(Unknown Source)
	at sun.reflect.DelegatingMethodAccessorImpl.invoke(DelegatingMethodAccessorImpl.java:43)
	at java.lang.reflect.Method.invoke(Method.java:606)
	at org.gradle.messaging.dispatch.ReflectionDispatch.dispatch(ReflectionDispatch.java:35)
	at org.gradle.messaging.dispatch.ReflectionDispatch.dispatch(ReflectionDispatch.java:24)
	at org.gradle.messaging.remote.internal.hub.MessageHub$Handler.run(MessageHub.java:360)
	at org.gradle.internal.concurrent.DefaultExecutorFactory$StoppableExecutorImpl$1.run(DefaultExecutorFactory.java:64)
	at java.util.concurrent.ThreadPoolExecutor.runWorker(ThreadPoolExecutor.java:1145)
	at java.util.concurrent.ThreadPoolExecutor$Worker.run(ThreadPoolExecutor.java:615)
	at java.lang.Thread.run(Thread.java:745)
CoreContacts.phoneNumber size must be between 0 and 20
java.lang.SecurityException: CoreContacts.phoneNumber size must be between 0 and 20
	at com.athena.server.pluggable.utils.helper.EntityValidatorHelper.validateEntity(EntityValidatorHelper.java:37)
	at com.app.shared.organization.contactmanagement.CoreContacts.isValid(CoreContacts.java:475)
	at com.app.server.service.organization.contactmanagement.CoreContactsTestCase.validateCoreContacts(CoreContactsTestCase.java:453)
	at com.app.server.service.organization.contactmanagement.CoreContactsTestCase.test5NegativeTesting(CoreContactsTestCase.java:566)
	at sun.reflect.NativeMethodAccessorImpl.invoke0(Native Method)
	at sun.reflect.NativeMethodAccessorImpl.invoke(NativeMethodAccessorImpl.java:57)
	at sun.reflect.DelegatingMethodAccessorImpl.invoke(DelegatingMethodAccessorImpl.java:43)
	at java.lang.reflect.Method.invoke(Method.java:606)
	at org.junit.runners.model.FrameworkMethod$1.runReflectiveCall(FrameworkMethod.java:47)
	at org.junit.internal.runners.model.ReflectiveCallable.run(ReflectiveCallable.java:12)
	at org.junit.runners.model.FrameworkMethod.invokeExplosively(FrameworkMethod.java:44)
	at org.junit.internal.runners.statements.InvokeMethod.evaluate(InvokeMethod.java:17)
	at org.junit.internal.runners.statements.RunBefores.evaluate(RunBefores.java:26)
	at org.springframework.test.context.junit4.statements.RunBeforeTestMethodCallbacks.evaluate(RunBeforeTestMethodCallbacks.java:74)
	at org.junit.internal.runners.statements.RunAfters.evaluate(RunAfters.java:27)
	at org.springframework.test.context.junit4.statements.RunAfterTestMethodCallbacks.evaluate(RunAfterTestMethodCallbacks.java:83)
	at org.springframework.test.context.junit4.statements.SpringRepeat.evaluate(SpringRepeat.java:72)
	at org.springframework.test.context.junit4.SpringJUnit4ClassRunner.runChild(SpringJUnit4ClassRunner.java:233)
	at org.springframework.test.context.junit4.SpringJUnit4ClassRunner.runChild(SpringJUnit4ClassRunner.java:87)
	at org.junit.runners.ParentRunner$3.run(ParentRunner.java:238)
	at org.junit.runners.ParentRunner$1.schedule(ParentRunner.java:63)
	at org.junit.runners.ParentRunner.runChildren(ParentRunner.java:236)
	at org.junit.runners.ParentRunner.access$000(ParentRunner.java:53)
	at org.junit.runners.ParentRunner$2.evaluate(ParentRunner.java:229)
	at org.junit.internal.runners.statements.RunBefores.evaluate(RunBefores.java:26)
	at org.springframework.test.context.junit4.statements.RunBeforeTestClassCallbacks.evaluate(RunBeforeTestClassCallbacks.java:61)
	at org.springframework.test.context.junit4.statements.RunAfterTestClassCallbacks.evaluate(RunAfterTestClassCallbacks.java:71)
	at org.junit.runners.ParentRunner.run(ParentRunner.java:309)
	at org.springframework.test.context.junit4.SpringJUnit4ClassRunner.run(SpringJUnit4ClassRunner.java:176)
	at org.gradle.api.internal.tasks.testing.junit.JUnitTestClassExecuter.runTestClass(JUnitTestClassExecuter.java:86)
	at org.gradle.api.internal.tasks.testing.junit.JUnitTestClassExecuter.execute(JUnitTestClassExecuter.java:49)
	at org.gradle.api.internal.tasks.testing.junit.JUnitTestClassProcessor.processTestClass(JUnitTestClassProcessor.java:64)
	at org.gradle.api.internal.tasks.testing.SuiteTestClassProcessor.processTestClass(SuiteTestClassProcessor.java:50)
	at sun.reflect.GeneratedMethodAccessor109.invoke(Unknown Source)
	at sun.reflect.DelegatingMethodAccessorImpl.invoke(DelegatingMethodAccessorImpl.java:43)
	at java.lang.reflect.Method.invoke(Method.java:606)
	at org.gradle.messaging.dispatch.ReflectionDispatch.dispatch(ReflectionDispatch.java:35)
	at org.gradle.messaging.dispatch.ReflectionDispatch.dispatch(ReflectionDispatch.java:24)
	at org.gradle.messaging.dispatch.ContextClassLoaderDispatch.dispatch(ContextClassLoaderDispatch.java:32)
	at org.gradle.messaging.dispatch.ProxyDispatchAdapter$DispatchingInvocationHandler.invoke(ProxyDispatchAdapter.java:93)
	at com.sun.proxy.$Proxy2.processTestClass(Unknown Source)
	at org.gradle.api.internal.tasks.testing.worker.TestWorker.processTestClass(TestWorker.java:106)
	at sun.reflect.GeneratedMethodAccessor108.invoke(Unknown Source)
	at sun.reflect.DelegatingMethodAccessorImpl.invoke(DelegatingMethodAccessorImpl.java:43)
	at java.lang.reflect.Method.invoke(Method.java:606)
	at org.gradle.messaging.dispatch.ReflectionDispatch.dispatch(ReflectionDispatch.java:35)
	at org.gradle.messaging.dispatch.ReflectionDispatch.dispatch(ReflectionDispatch.java:24)
	at org.gradle.messaging.remote.internal.hub.MessageHub$Handler.run(MessageHub.java:360)
	at org.gradle.internal.concurrent.DefaultExecutorFactory$StoppableExecutorImpl$1.run(DefaultExecutorFactory.java:64)
	at java.util.concurrent.ThreadPoolExecutor.runWorker(ThreadPoolExecutor.java:1145)
	at java.util.concurrent.ThreadPoolExecutor$Worker.run(ThreadPoolExecutor.java:615)
	at java.lang.Thread.run(Thread.java:745)
]]></system-err>
</testsuite>
